#
# There is insufficient memory for the Java Runtime Environment to continue.
# Native memory allocation (mmap) failed to map 154664960 bytes for committing reserved memory.
# Possible reasons:
#   The system is out of physical RAM or swap space
#   In 32 bit mode, the process size limit was hit
# Possible solutions:
#   Reduce memory load on the system
#   Increase physical memory or swap space
#   Check if swap backing store is full
#   Use 64 bit Java on a 64 bit OS
#   Decrease Java heap size (-Xmx/-Xms)
#   Decrease number of Java threads
#   Decrease Java thread stack sizes (-Xss)
#   Set larger code cache with -XX:ReservedCodeCacheSize=
# This output file may be truncated or incomplete.
#
#  Out of Memory Error (os_linux.cpp:2673), pid=11085, tid=140300800177920
#
# JRE version: Java(TM) SE Runtime Environment (8.0_45-b14) (build 1.8.0_45-b14)
# Java VM: Java HotSpot(TM) 64-Bit Server VM (25.45-b02 mixed mode linux-amd64 compressed oops)
# Failed to write core dump. Core dumps have been disabled. To enable core dumping, try "ulimit -c unlimited" before starting Java again
#

---------------  T H R E A D  ---------------

Current thread (0x00007f9a68077800):  VMThread [stack: 0x00007f9a534b3000,0x00007f9a535b4000] [id=11096]

Stack: [0x00007f9a534b3000,0x00007f9a535b4000],  sp=0x00007f9a535b2320,  free space=1020k
Native frames: (J=compiled Java code, j=interpreted, Vv=VM code, C=native code)
V  [libjvm.so+0xaac99a]  VMError::report_and_die()+0x2ba
V  [libjvm.so+0x4f333b]  report_vm_out_of_memory(char const*, int, unsigned long, VMErrorType, char const*)+0x8b
V  [libjvm.so+0x90e7c3]  os::Linux::commit_memory_impl(char*, unsigned long, bool)+0x103
V  [libjvm.so+0x90ed19]  os::pd_commit_memory(char*, unsigned long, unsigned long, bool)+0x29
V  [libjvm.so+0x90867a]  os::commit_memory(char*, unsigned long, unsigned long, bool)+0x2a
V  [libjvm.so+0x97bac3]  PSVirtualSpace::expand_by(unsigned long)+0x53
V  [libjvm.so+0x96c320]  PSOldGen::expand(unsigned long)+0x170
V  [libjvm.so+0x96c52b]  PSOldGen::resize(unsigned long)+0x1cb
V  [libjvm.so+0x974241]  PSParallelCompact::invoke_no_policy(bool)+0x9d1
V  [libjvm.so+0x979bed]  PSScavenge::invoke()+0x1ad
V  [libjvm.so+0x932050]  ParallelScavengeHeap::failed_mem_allocate(unsigned long)+0x70
V  [libjvm.so+0xaae1d7]  VM_ParallelGCFailedAllocation::doit()+0x97
V  [libjvm.so+0xab59c5]  VM_Operation::evaluate()+0x55
V  [libjvm.so+0xab3d9a]  VMThread::evaluate_operation(VM_Operation*)+0xba
V  [libjvm.so+0xab411e]  VMThread::loop()+0x1ce
V  [libjvm.so+0xab4590]  VMThread::run()+0x70
V  [libjvm.so+0x910de8]  java_start(Thread*)+0x108

VM_Operation (0x00007f9a71c5e2a0): ParallelGCFailedAllocation, mode: safepoint, requested by thread 0x00007f9a6800a000


---------------  P R O C E S S  ---------------

Java Threads: ( => current thread )
  0x00007f9a680bf800 JavaThread "Service Thread" daemon [_thread_blocked, id=11103, stack(0x00007f9a523ed000,0x00007f9a524ee000)]
  0x00007f9a680ba800 JavaThread "C1 CompilerThread2" daemon [_thread_blocked, id=11102, stack(0x00007f9a524ee000,0x00007f9a525ef000)]
  0x00007f9a680b8800 JavaThread "C2 CompilerThread1" daemon [_thread_blocked, id=11101, stack(0x00007f9a525ef000,0x00007f9a526f0000)]
  0x00007f9a680b6000 JavaThread "C2 CompilerThread0" daemon [_thread_blocked, id=11100, stack(0x00007f9a526f0000,0x00007f9a527f1000)]
  0x00007f9a680b4800 JavaThread "Signal Dispatcher" daemon [_thread_blocked, id=11099, stack(0x00007f9a527f1000,0x00007f9a528f2000)]
  0x00007f9a6807f000 JavaThread "Finalizer" daemon [_thread_blocked, id=11098, stack(0x00007f9a532b1000,0x00007f9a533b2000)]
  0x00007f9a6807c800 JavaThread "Reference Handler" daemon [_thread_blocked, id=11097, stack(0x00007f9a533b2000,0x00007f9a534b3000)]
  0x00007f9a6800a000 JavaThread "main" [_thread_blocked, id=11090, stack(0x00007f9a71b5f000,0x00007f9a71c60000)]

Other Threads:
=>0x00007f9a68077800 VMThread [stack: 0x00007f9a534b3000,0x00007f9a535b4000] [id=11096]
  0x00007f9a680c2800 WatcherThread [stack: 0x00007f9a522ec000,0x00007f9a523ed000] [id=11104]

VM state:at safepoint (normal execution)

VM Mutex/Monitor currently owned by a thread:  ([mutex/lock_event])
[0x00007f9a68005ce0] ExpandHeap_lock - owner thread: 0x00007f9a68077800
[0x00007f9a68006360] Threads_lock - owner thread: 0x00007f9a68077800
[0x00007f9a68006860] Heap_lock - owner thread: 0x00007f9a6800a000

Heap:
 PSYoungGen      total 215040K, used 21298K [0x00000000eab00000, 0x0000000100000000, 0x0000000100000000)
  eden space 116736K, 0% used [0x00000000eab00000,0x00000000eab00000,0x00000000f1d00000)
  from space 98304K, 21% used [0x00000000fa000000,0x00000000fb4ccbe8,0x0000000100000000)
  to   space 116224K, 0% used [0x00000000f1d00000,0x00000000f1d00000,0x00000000f8e80000)
 ParOldGen       total 282112K, used 281783K [0x00000000c0000000, 0x00000000d1380000, 0x00000000eab00000)
  object space 282112K, 99% used [0x00000000c0000000,0x00000000d132df48,0x00000000d1380000)
 Metaspace       used 6606K, capacity 7384K, committed 7680K, reserved 1056768K
  class space    used 616K, capacity 656K, committed 768K, reserved 1048576K

Card table byte_map: [0x00007f9a6e72e000,0x00007f9a6e92f000] byte_map_base: 0x00007f9a6e12e000

Marking Bits: (ParMarkBitMap*) 0x00007f9a71033760
 Begin Bits: [0x00007f9a6c1d4000, 0x00007f9a6d1d4000)
 End Bits:   [0x00007f9a6d1d4000, 0x00007f9a6e1d4000)

Polling page: 0x00007f9a71c80000

CodeCache: size=245760Kb used=10032Kb max_used=11561Kb free=235727Kb
 bounds [0x00007f9a59000000, 0x00007f9a59b60000, 0x00007f9a68000000]
 total_blobs=2514 nmethods=2245 adapters=182
 compilation: enabled

Compilation events (10 events):
Event: 24.984 Thread 0x00007f9a680b8800 nmethod 2849 0x00007f9a592b5950 code [0x00007f9a592b5aa0, 0x00007f9a592b5b18]
Event: 24.984 Thread 0x00007f9a680b8800 2821  s    4       com.android.dx.dex.file.FieldIdsSection::intern (55 bytes)
Event: 25.012 Thread 0x00007f9a680b8800 nmethod 2821 0x00007f9a596d7750 code [0x00007f9a596d7940, 0x00007f9a596d8428]
Event: 25.012 Thread 0x00007f9a680b8800 2719       4       com.android.dx.rop.code.RegisterSpecList::withFirst (64 bytes)
Event: 25.025 Thread 0x00007f9a680b8800 nmethod 2719 0x00007f9a597e7dd0 code [0x00007f9a597e7f40, 0x00007f9a597e8258]
Event: 25.025 Thread 0x00007f9a680b8800 2702       4       com.android.dx.ssa.SsaConverter::placePhiFunctions (394 bytes)
Event: 25.045 Thread 0x00007f9a680ba800 2856 %     3       com.android.dx.rop.type.Prototype::compareTo @ 53 (120 bytes)
Event: 25.047 Thread 0x00007f9a680ba800 nmethod 2856% 0x00007f9a5994f410 code [0x00007f9a5994f640, 0x00007f9a59950598]
Event: 25.048 Thread 0x00007f9a680ba800 2857       3       com.android.dx.rop.type.Prototype::compareTo (120 bytes)
Event: 25.049 Thread 0x00007f9a680ba800 nmethod 2857 0x00007f9a592d7f10 code [0x00007f9a592d8140, 0x00007f9a592d8fd8]

GC Heap History (10 events):
Event: 17.511 GC heap after
Heap after GC invocations=14 (full 2):
 PSYoungGen      total 263680K, used 41838K [0x00000000eab00000, 0x00000000ffd00000, 0x0000000100000000)
  eden space 184320K, 0% used [0x00000000eab00000,0x00000000eab00000,0x00000000f5f00000)
  from space 79360K, 52% used [0x00000000faf80000,0x00000000fd85b808,0x00000000ffd00000)
  to   space 80896K, 0% used [0x00000000f5f00000,0x00000000f5f00000,0x00000000fae00000)
 ParOldGen       total 282112K, used 168864K [0x00000000c0000000, 0x00000000d1380000, 0x00000000eab00000)
  object space 282112K, 59% used [0x00000000c0000000,0x00000000ca4e82b8,0x00000000d1380000)
 Metaspace       used 6467K, capacity 7222K, committed 7296K, reserved 1056768K
  class space    used 609K, capacity 622K, committed 640K, reserved 1048576K
}
Event: 18.912 GC heap before
{Heap before GC invocations=15 (full 2):
 PSYoungGen      total 263680K, used 226158K [0x00000000eab00000, 0x00000000ffd00000, 0x0000000100000000)
  eden space 184320K, 100% used [0x00000000eab00000,0x00000000f5f00000,0x00000000f5f00000)
  from space 79360K, 52% used [0x00000000faf80000,0x00000000fd85b808,0x00000000ffd00000)
  to   space 80896K, 0% used [0x00000000f5f00000,0x00000000f5f00000,0x00000000fae00000)
 ParOldGen       total 282112K, used 168864K [0x00000000c0000000, 0x00000000d1380000, 0x00000000eab00000)
  object space 282112K, 59% used [0x00000000c0000000,0x00000000ca4e82b8,0x00000000d1380000)
 Metaspace       used 6476K, capacity 7286K, committed 7552K, reserved 1056768K
  class space    used 609K, capacity 622K, committed 640K, reserved 1048576K
Event: 19.097 GC heap after
Heap after GC invocations=15 (full 2):
 PSYoungGen      total 244224K, used 59717K [0x00000000eab00000, 0x0000000100000000, 0x0000000100000000)
  eden space 184320K, 0% used [0x00000000eab00000,0x00000000eab00000,0x00000000f5f00000)
  from space 59904K, 99% used [0x00000000f5f00000,0x00000000f99517d0,0x00000000f9980000)
  to   space 86016K, 0% used [0x00000000fac00000,0x00000000fac00000,0x0000000100000000)
 ParOldGen       total 282112K, used 179523K [0x00000000c0000000, 0x00000000d1380000, 0x00000000eab00000)
  object space 282112K, 63% used [0x00000000c0000000,0x00000000caf50e20,0x00000000d1380000)
 Metaspace       used 6476K, capacity 7286K, committed 7552K, reserved 1056768K
  class space    used 609K, capacity 622K, committed 640K, reserved 1048576K
}
Event: 20.340 GC heap before
{Heap before GC invocations=16 (full 2):
 PSYoungGen      total 244224K, used 244037K [0x00000000eab00000, 0x0000000100000000, 0x0000000100000000)
  eden space 184320K, 100% used [0x00000000eab00000,0x00000000f5f00000,0x00000000f5f00000)
  from space 59904K, 99% used [0x00000000f5f00000,0x00000000f99517d0,0x00000000f9980000)
  to   space 86016K, 0% used [0x00000000fac00000,0x00000000fac00000,0x0000000100000000)
 ParOldGen       total 282112K, used 179523K [0x00000000c0000000, 0x00000000d1380000, 0x00000000eab00000)
  object space 282112K, 63% used [0x00000000c0000000,0x00000000caf50e20,0x00000000d1380000)
 Metaspace       used 6488K, capacity 7286K, committed 7552K, reserved 1056768K
  class space    used 609K, capacity 622K, committed 640K, reserved 1048576K
Event: 20.592 GC heap after
Heap after GC invocations=16 (full 2):
 PSYoungGen      total 238592K, used 83069K [0x00000000eab00000, 0x0000000100000000, 0x0000000100000000)
  eden space 152576K, 0% used [0x00000000eab00000,0x00000000eab00000,0x00000000f4000000)
  from space 86016K, 96% used [0x00000000fac00000,0x00000000ffd1f4b0,0x0000000100000000)
  to   space 98304K, 0% used [0x00000000f4000000,0x00000000f4000000,0x00000000fa000000)
 ParOldGen       total 282112K, used 179523K [0x00000000c0000000, 0x00000000d1380000, 0x00000000eab00000)
  object space 282112K, 63% used [0x00000000c0000000,0x00000000caf50e20,0x00000000d1380000)
 Metaspace       used 6488K, capacity 7286K, committed 7552K, reserved 1056768K
  class space    used 609K, capacity 622K, committed 640K, reserved 1048576K
}
Event: 21.729 GC heap before
{Heap before GC invocations=17 (full 2):
 PSYoungGen      total 238592K, used 235645K [0x00000000eab00000, 0x0000000100000000, 0x0000000100000000)
  eden space 152576K, 100% used [0x00000000eab00000,0x00000000f4000000,0x00000000f4000000)
  from space 86016K, 96% used [0x00000000fac00000,0x00000000ffd1f4b0,0x0000000100000000)
  to   space 98304K, 0% used [0x00000000f4000000,0x00000000f4000000,0x00000000fa000000)
 ParOldGen       total 282112K, used 179523K [0x00000000c0000000, 0x00000000d1380000, 0x00000000eab00000)
  object space 282112K, 63% used [0x00000000c0000000,0x00000000caf50e20,0x00000000d1380000)
 Metaspace       used 6495K, capacity 7286K, committed 7552K, reserved 1056768K
  class space    used 609K, capacity 622K, committed 640K, reserved 1048576K
Event: 21.991 GC heap after
Heap after GC invocations=17 (full 2):
 PSYoungGen      total 250880K, used 98285K [0x00000000eab00000, 0x0000000100000000, 0x0000000100000000)
  eden space 152576K, 0% used [0x00000000eab00000,0x00000000eab00000,0x00000000f4000000)
  from space 98304K, 99% used [0x00000000f4000000,0x00000000f9ffb408,0x00000000fa000000)
  to   space 98304K, 0% used [0x00000000fa000000,0x00000000fa000000,0x0000000100000000)
 ParOldGen       total 282112K, used 190441K [0x00000000c0000000, 0x00000000d1380000, 0x00000000eab00000)
  object space 282112K, 67% used [0x00000000c0000000,0x00000000cb9fa7c8,0x00000000d1380000)
 Metaspace       used 6495K, capacity 7286K, committed 7552K, reserved 1056768K
  class space    used 609K, capacity 622K, committed 640K, reserved 1048576K
}
Event: 25.192 GC heap before
{Heap before GC invocations=18 (full 2):
 PSYoungGen      total 250880K, used 250861K [0x00000000eab00000, 0x0000000100000000, 0x0000000100000000)
  eden space 152576K, 100% used [0x00000000eab00000,0x00000000f4000000,0x00000000f4000000)
  from space 98304K, 99% used [0x00000000f4000000,0x00000000f9ffb408,0x00000000fa000000)
  to   space 98304K, 0% used [0x00000000fa000000,0x00000000fa000000,0x0000000100000000)
 ParOldGen       total 282112K, used 190441K [0x00000000c0000000, 0x00000000d1380000, 0x00000000eab00000)
  object space 282112K, 67% used [0x00000000c0000000,0x00000000cb9fa7c8,0x00000000d1380000)
 Metaspace       used 6606K, capacity 7384K, committed 7680K, reserved 1056768K
  class space    used 616K, capacity 656K, committed 768K, reserved 1048576K
Event: 25.667 GC heap after
Heap after GC invocations=18 (full 2):
 PSYoungGen      total 215040K, used 66040K [0x00000000eab00000, 0x0000000100000000, 0x0000000100000000)
  eden space 116736K, 0% used [0x00000000eab00000,0x00000000eab00000,0x00000000f1d00000)
  from space 98304K, 67% used [0x00000000fa000000,0x00000000fe07e098,0x0000000100000000)
  to   space 116224K, 0% used [0x00000000f1d00000,0x00000000f1d00000,0x00000000f8e80000)
 ParOldGen       total 282112K, used 245117K [0x00000000c0000000, 0x00000000d1380000, 0x00000000eab00000)
  object space 282112K, 86% used [0x00000000c0000000,0x00000000cef5f448,0x00000000d1380000)
 Metaspace       used 6606K, capacity 7384K, committed 7680K, reserved 1056768K
  class space    used 616K, capacity 656K, committed 768K, reserved 1048576K
}
Event: 25.667 GC heap before
{Heap before GC invocations=19 (full 3):
 PSYoungGen      total 215040K, used 66040K [0x00000000eab00000, 0x0000000100000000, 0x0000000100000000)
  eden space 116736K, 0% used [0x00000000eab00000,0x00000000eab00000,0x00000000f1d00000)
  from space 98304K, 67% used [0x00000000fa000000,0x00000000fe07e098,0x0000000100000000)
  to   space 116224K, 0% used [0x00000000f1d00000,0x00000000f1d00000,0x00000000f8e80000)
 ParOldGen       total 282112K, used 245117K [0x00000000c0000000, 0x00000000d1380000, 0x00000000eab00000)
  object space 282112K, 86% used [0x00000000c0000000,0x00000000cef5f448,0x00000000d1380000)
 Metaspace       used 6606K, capacity 7384K, committed 7680K, reserved 1056768K
  class space    used 616K, capacity 656K, committed 768K, reserved 1048576K

Deoptimization events (10 events):
Event: 22.569 Thread 0x00007f9a6800a000 Uncommon trap: reason=class_check action=maybe_recompile pc=0x00007f9a59b237c4 method=com.android.dx.ssa.LiteralOpUpgrader.isConstIntZeroOrKnownNull(Lcom/android/dx/rop/code/RegisterSpec;)Z @ 13
Event: 22.652 Thread 0x00007f9a68186800 Uncommon trap: reason=unstable_if action=reinterpret pc=0x00007f9a599a4f54 method=com.android.dx.rop.code.LocalItem.compareHandlesNulls(Lcom/android/dx/rop/cst/CstString;Lcom/android/dx/rop/cst/CstString;)I @ 8
Event: 22.665 Thread 0x00007f9a68186800 Uncommon trap: reason=unstable_if action=reinterpret pc=0x00007f9a59b26af4 method=com.android.dx.rop.code.LocalItem.compareHandlesNulls(Lcom/android/dx/rop/cst/CstString;Lcom/android/dx/rop/cst/CstString;)I @ 8
Event: 22.904 Thread 0x00007f9a6800a000 Uncommon trap: reason=class_check action=maybe_recompile pc=0x00007f9a594baab8 method=java.util.Arrays.hashCode([Ljava/lang/Object;)I @ 43
Event: 22.904 Thread 0x00007f9a6800a000 Uncommon trap: reason=class_check action=maybe_recompile pc=0x00007f9a594baab8 method=java.util.Arrays.hashCode([Ljava/lang/Object;)I @ 43
Event: 22.905 Thread 0x00007f9a6800a000 Uncommon trap: reason=class_check action=maybe_recompile pc=0x00007f9a594baab8 method=java.util.Arrays.hashCode([Ljava/lang/Object;)I @ 43
Event: 22.905 Thread 0x00007f9a6800a000 Uncommon trap: reason=class_check action=maybe_recompile pc=0x00007f9a594baab8 method=java.util.Arrays.hashCode([Ljava/lang/Object;)I @ 43
Event: 22.906 Thread 0x00007f9a6800a000 Uncommon trap: reason=class_check action=maybe_recompile pc=0x00007f9a594bb2bc method=java.util.Arrays.hashCode([Ljava/lang/Object;)I @ 43
Event: 24.115 Thread 0x00007f9a6800a000 Uncommon trap: reason=unstable_if action=reinterpret pc=0x00007f9a59b41cf0 method=com.android.dx.dex.code.OutputFinisher.addConstants(Ljava/util/HashSet;Lcom/android/dx/rop/code/RegisterSpec;)V @ 57
Event: 24.673 Thread 0x00007f9a6800a000 Uncommon trap: reason=unstable_if action=reinterpret pc=0x00007f9a5963c16c method=com.android.dx.dex.code.OutputFinisher.addConstants(Ljava/util/HashSet;Lcom/android/dx/rop/code/RegisterSpec;)V @ 32

Internal exceptions (9 events):
Event: 0.056 Thread 0x00007f9a6800a000 Exception <a 'java/lang/NoSuchMethodError': Method sun.misc.Unsafe.defineClass(Ljava/lang/String;[BII)Ljava/lang/Class; name or signature does not match> (0x00000000eab128f8) thrown at [/RE-WORK/workspace/8-2-build-linux-amd64/jdk8u45/3457/hotspot/src/sha
Event: 0.056 Thread 0x00007f9a6800a000 Exception <a 'java/lang/NoSuchMethodError': Method sun.misc.Unsafe.prefetchRead(Ljava/lang/Object;J)V name or signature does not match> (0x00000000eab12b88) thrown at [/RE-WORK/workspace/8-2-build-linux-amd64/jdk8u45/3457/hotspot/src/share/vm/prims/jni.cp
Event: 1.175 Thread 0x00007f9a68193800 Implicit null exception at 0x00007f9a5932e0e2 to 0x00007f9a5932e1e5
Event: 2.924 Thread 0x00007f9a6800a000 Implicit null exception at 0x00007f9a5951a96b to 0x00007f9a5951b225
Event: 4.736 Thread 0x00007f9a68196800 Exception <a 'java/lang/ArrayIndexOutOfBoundsException': 18> (0x00000000eedd48e0) thrown at [/RE-WORK/workspace/8-2-build-linux-amd64/jdk8u45/3457/hotspot/src/share/vm/interpreter/interpreterRuntime.cpp, line 366]
Event: 4.736 Thread 0x00007f9a68196800 Exception <a 'java/lang/ArrayIndexOutOfBoundsException': 145> (0x00000000eedd63b0) thrown at [/RE-WORK/workspace/8-2-build-linux-amd64/jdk8u45/3457/hotspot/src/share/vm/interpreter/interpreterRuntime.cpp, line 366]
Event: 4.737 Thread 0x00007f9a68196800 Exception <a 'java/lang/ArrayIndexOutOfBoundsException'> (0x00000000eedd75e8) thrown at [/RE-WORK/workspace/8-2-build-linux-amd64/jdk8u45/3457/hotspot/src/share/vm/runtime/sharedRuntime.cpp, line 605]
Event: 22.651 Thread 0x00007f9a68186800 Implicit null exception at 0x00007f9a599a2822 to 0x00007f9a599a4ed9
Event: 22.665 Thread 0x00007f9a68186800 Implicit null exception at 0x00007f9a59b2561f to 0x00007f9a59b26acd

Events (10 events):
Event: 24.115 Thread 0x00007f9a6800a000 DEOPT PACKING pc=0x00007f9a59b41cf0 sp=0x00007f9a71c5e390
Event: 24.115 Thread 0x00007f9a6800a000 DEOPT UNPACKING pc=0x00007f9a59005229 sp=0x00007f9a71c5e2f0 mode 2
Event: 24.672 Thread 0x00007f9a6800a000 Uncommon trap: trap_request=0xffffff65 fr.pc=0x00007f9a5963c16c
Event: 24.673 Thread 0x00007f9a6800a000 DEOPT PACKING pc=0x00007f9a5963c16c sp=0x00007f9a71c5e400
Event: 24.673 Thread 0x00007f9a6800a000 DEOPT UNPACKING pc=0x00007f9a59005229 sp=0x00007f9a71c5e358 mode 2
Event: 24.954 loading class com/android/dx/dex/file/ProtoIdItem
Event: 24.954 loading class com/android/dx/dex/file/ProtoIdItem done
Event: 25.049 Thread 0x00007f9a6800a000 DEOPT PACKING pc=0x00007f9a59639f98 sp=0x00007f9a71c5e370
Event: 25.049 Thread 0x00007f9a6800a000 DEOPT UNPACKING pc=0x00007f9a59047633 sp=0x00007f9a71c5e0a8 mode 0
Event: 25.191 Executing VM operation: ParallelGCFailedAllocation


Dynamic libraries:
00400000-00401000 r-xp 00000000 08:01 931134                             /opt/jdk1.8.0_45/bin/java
00600000-00601000 rw-p 00000000 08:01 931134                             /opt/jdk1.8.0_45/bin/java
008d7000-008f8000 rw-p 00000000 00:00 0                                  [heap]
c0000000-d1380000 rw-p 00000000 00:00 0 
da700000-eab00000 ---p 00000000 00:00 0 
eab00000-100000000 rw-p 00000000 00:00 0 
100000000-1000c0000 rw-p 00000000 00:00 0 
1000c0000-140000000 ---p 00000000 00:00 0 
7f9a04000000-7f9a04022000 rw-p 00000000 00:00 0 
7f9a04022000-7f9a08000000 ---p 00000000 00:00 0 
7f9a0c000000-7f9a0c030000 rw-p 00000000 00:00 0 
7f9a0c030000-7f9a10000000 ---p 00000000 00:00 0 
7f9a10000000-7f9a10039000 rw-p 00000000 00:00 0 
7f9a10039000-7f9a14000000 ---p 00000000 00:00 0 
7f9a14000000-7f9a14021000 rw-p 00000000 00:00 0 
7f9a14021000-7f9a18000000 ---p 00000000 00:00 0 
7f9a18000000-7f9a18021000 rw-p 00000000 00:00 0 
7f9a18021000-7f9a1c000000 ---p 00000000 00:00 0 
7f9a1c000000-7f9a1c021000 rw-p 00000000 00:00 0 
7f9a1c021000-7f9a20000000 ---p 00000000 00:00 0 
7f9a20000000-7f9a20021000 rw-p 00000000 00:00 0 
7f9a20021000-7f9a24000000 ---p 00000000 00:00 0 
7f9a24000000-7f9a254bc000 rw-p 00000000 00:00 0 
7f9a254bc000-7f9a28000000 ---p 00000000 00:00 0 
7f9a28000000-7f9a288fa000 rw-p 00000000 00:00 0 
7f9a288fa000-7f9a2c000000 ---p 00000000 00:00 0 
7f9a2c000000-7f9a2c021000 rw-p 00000000 00:00 0 
7f9a2c021000-7f9a30000000 ---p 00000000 00:00 0 
7f9a30000000-7f9a3143c000 rw-p 00000000 00:00 0 
7f9a3143c000-7f9a34000000 ---p 00000000 00:00 0 
7f9a34000000-7f9a34021000 rw-p 00000000 00:00 0 
7f9a34021000-7f9a38000000 ---p 00000000 00:00 0 
7f9a38000000-7f9a38021000 rw-p 00000000 00:00 0 
7f9a38021000-7f9a3c000000 ---p 00000000 00:00 0 
7f9a3c000000-7f9a3c021000 rw-p 00000000 00:00 0 
7f9a3c021000-7f9a40000000 ---p 00000000 00:00 0 
7f9a40000000-7f9a4028f000 rw-p 00000000 00:00 0 
7f9a4028f000-7f9a44000000 ---p 00000000 00:00 0 
7f9a44000000-7f9a44021000 rw-p 00000000 00:00 0 
7f9a44021000-7f9a48000000 ---p 00000000 00:00 0 
7f9a4c000000-7f9a4c021000 rw-p 00000000 00:00 0 
7f9a4c021000-7f9a50000000 ---p 00000000 00:00 0 
7f9a51d70000-7f9a51d73000 ---p 00000000 00:00 0 
7f9a51d73000-7f9a51e71000 rw-p 00000000 00:00 0 
7f9a51e71000-7f9a51e74000 ---p 00000000 00:00 0 
7f9a51e74000-7f9a51f72000 rw-p 00000000 00:00 0 
7f9a51f72000-7f9a51f75000 ---p 00000000 00:00 0 
7f9a51f75000-7f9a52073000 rw-p 00000000 00:00 0 
7f9a52073000-7f9a52076000 ---p 00000000 00:00 0 
7f9a52076000-7f9a52174000 rw-p 00000000 00:00 0 
7f9a52174000-7f9a52177000 ---p 00000000 00:00 0 
7f9a52177000-7f9a52275000 rw-p 00000000 00:00 0 
7f9a522cb000-7f9a522ec000 r--p 00000000 08:01 1327481                    /usr/share/locale-langpack/zh_CN/LC_MESSAGES/libc.mo
7f9a522ec000-7f9a522ed000 ---p 00000000 00:00 0 
7f9a522ed000-7f9a523ed000 rw-p 00000000 00:00 0 
7f9a523ed000-7f9a523f0000 ---p 00000000 00:00 0 
7f9a523f0000-7f9a524ee000 rw-p 00000000 00:00 0 
7f9a524ee000-7f9a524f1000 ---p 00000000 00:00 0 
7f9a524f1000-7f9a525ef000 rw-p 00000000 00:00 0 
7f9a525ef000-7f9a525f2000 ---p 00000000 00:00 0 
7f9a525f2000-7f9a526f0000 rw-p 00000000 00:00 0 
7f9a526f0000-7f9a526f3000 ---p 00000000 00:00 0 
7f9a526f3000-7f9a527f1000 rw-p 00000000 00:00 0 
7f9a527f1000-7f9a527f4000 ---p 00000000 00:00 0 
7f9a527f4000-7f9a528f2000 rw-p 00000000 00:00 0 
7f9a528f2000-7f9a532b1000 r--p 00000000 08:01 1053124                    /usr/lib/locale/locale-archive
7f9a532b1000-7f9a532b4000 ---p 00000000 00:00 0 
7f9a532b4000-7f9a533b2000 rw-p 00000000 00:00 0 
7f9a533b2000-7f9a533b5000 ---p 00000000 00:00 0 
7f9a533b5000-7f9a534b3000 rw-p 00000000 00:00 0 
7f9a534b3000-7f9a534b4000 ---p 00000000 00:00 0 
7f9a534b4000-7f9a54000000 rw-p 00000000 00:00 0 
7f9a54000000-7f9a54021000 rw-p 00000000 00:00 0 
7f9a54021000-7f9a58000000 ---p 00000000 00:00 0 
7f9a58002000-7f9a58427000 rw-p 00000000 00:00 0 
7f9a58427000-7f9a58600000 r--s 03d09000 08:01 929576                     /opt/jdk1.8.0_45/jre/lib/rt.jar
7f9a58600000-7f9a58cc0000 rw-p 00000000 00:00 0 
7f9a58cc0000-7f9a58e00000 ---p 00000000 00:00 0 
7f9a58e00000-7f9a59000000 rw-p 00000000 00:00 0 
7f9a59000000-7f9a59b60000 rwxp 00000000 00:00 0 
7f9a59b60000-7f9a68000000 ---p 00000000 00:00 0 
7f9a68000000-7f9a68394000 rw-p 00000000 00:00 0 
7f9a68394000-7f9a6c000000 ---p 00000000 00:00 0 
7f9a6c007000-7f9a6c00e000 r--s 00000000 08:01 1182939                    /usr/lib/x86_64-linux-gnu/gconv/gconv-modules.cache
7f9a6c00e000-7f9a6e1d4000 rw-p 00000000 00:00 0 
7f9a6e1d4000-7f9a6e1d5000 ---p 00000000 00:00 0 
7f9a6e1d5000-7f9a6e2d5000 rw-p 00000000 00:00 0 
7f9a6e2d5000-7f9a6e2d6000 ---p 00000000 00:00 0 
7f9a6e2d6000-7f9a6e3d6000 rw-p 00000000 00:00 0 
7f9a6e3d6000-7f9a6e3d7000 ---p 00000000 00:00 0 
7f9a6e3d7000-7f9a6e4d7000 rw-p 00000000 00:00 0 
7f9a6e4d7000-7f9a6e4d8000 ---p 00000000 00:00 0 
7f9a6e4d8000-7f9a6e662000 rw-p 00000000 00:00 0 
7f9a6e662000-7f9a6e72e000 ---p 00000000 00:00 0 
7f9a6e72e000-7f9a6e7b8000 rw-p 00000000 00:00 0 
7f9a6e7b8000-7f9a6e883000 ---p 00000000 00:00 0 
7f9a6e883000-7f9a6e92e000 rw-p 00000000 00:00 0 
7f9a6e92e000-7f9a6e95d000 rw-p 00000000 00:00 0 
7f9a6e95d000-7f9a6ecef000 ---p 00000000 00:00 0 
7f9a6ecef000-7f9a6ed09000 r-xp 00000000 08:01 929526                     /opt/jdk1.8.0_45/jre/lib/amd64/libzip.so
7f9a6ed09000-7f9a6ef09000 ---p 0001a000 08:01 929526                     /opt/jdk1.8.0_45/jre/lib/amd64/libzip.so
7f9a6ef09000-7f9a6ef0a000 rw-p 0001a000 08:01 929526                     /opt/jdk1.8.0_45/jre/lib/amd64/libzip.so
7f9a6ef0a000-7f9a6ef15000 r-xp 00000000 08:01 1466482                    /lib/x86_64-linux-gnu/libnss_files-2.23.so
7f9a6ef15000-7f9a6f114000 ---p 0000b000 08:01 1466482                    /lib/x86_64-linux-gnu/libnss_files-2.23.so
7f9a6f114000-7f9a6f115000 r--p 0000a000 08:01 1466482                    /lib/x86_64-linux-gnu/libnss_files-2.23.so
7f9a6f115000-7f9a6f116000 rw-p 0000b000 08:01 1466482                    /lib/x86_64-linux-gnu/libnss_files-2.23.so
7f9a6f116000-7f9a6f11c000 rw-p 00000000 00:00 0 
7f9a6f11c000-7f9a6f127000 r-xp 00000000 08:01 1466453                    /lib/x86_64-linux-gnu/libnss_nis-2.23.so
7f9a6f127000-7f9a6f326000 ---p 0000b000 08:01 1466453                    /lib/x86_64-linux-gnu/libnss_nis-2.23.so
7f9a6f326000-7f9a6f327000 r--p 0000a000 08:01 1466453                    /lib/x86_64-linux-gnu/libnss_nis-2.23.so
7f9a6f327000-7f9a6f328000 rw-p 0000b000 08:01 1466453                    /lib/x86_64-linux-gnu/libnss_nis-2.23.so
7f9a6f328000-7f9a6f33e000 r-xp 00000000 08:01 1466387                    /lib/x86_64-linux-gnu/libnsl-2.23.so
7f9a6f33e000-7f9a6f53d000 ---p 00016000 08:01 1466387                    /lib/x86_64-linux-gnu/libnsl-2.23.so
7f9a6f53d000-7f9a6f53e000 r--p 00015000 08:01 1466387                    /lib/x86_64-linux-gnu/libnsl-2.23.so
7f9a6f53e000-7f9a6f53f000 rw-p 00016000 08:01 1466387                    /lib/x86_64-linux-gnu/libnsl-2.23.so
7f9a6f53f000-7f9a6f541000 rw-p 00000000 00:00 0 
7f9a6f541000-7f9a6f549000 r-xp 00000000 08:01 1466400                    /lib/x86_64-linux-gnu/libnss_compat-2.23.so
7f9a6f549000-7f9a6f748000 ---p 00008000 08:01 1466400                    /lib/x86_64-linux-gnu/libnss_compat-2.23.so
7f9a6f748000-7f9a6f749000 r--p 00007000 08:01 1466400                    /lib/x86_64-linux-gnu/libnss_compat-2.23.so
7f9a6f749000-7f9a6f74a000 rw-p 00008000 08:01 1466400                    /lib/x86_64-linux-gnu/libnss_compat-2.23.so
7f9a6f74a000-7f9a6f774000 r-xp 00000000 08:01 929509                     /opt/jdk1.8.0_45/jre/lib/amd64/libjava.so
7f9a6f774000-7f9a6f974000 ---p 0002a000 08:01 929509                     /opt/jdk1.8.0_45/jre/lib/amd64/libjava.so
7f9a6f974000-7f9a6f976000 rw-p 0002a000 08:01 929509                     /opt/jdk1.8.0_45/jre/lib/amd64/libjava.so
7f9a6f976000-7f9a6f983000 r-xp 00000000 08:01 929533                     /opt/jdk1.8.0_45/jre/lib/amd64/libverify.so
7f9a6f983000-7f9a6fb83000 ---p 0000d000 08:01 929533                     /opt/jdk1.8.0_45/jre/lib/amd64/libverify.so
7f9a6fb83000-7f9a6fb85000 rw-p 0000d000 08:01 929533                     /opt/jdk1.8.0_45/jre/lib/amd64/libverify.so
7f9a6fb85000-7f9a6fb8c000 r-xp 00000000 08:01 1466287                    /lib/x86_64-linux-gnu/librt-2.23.so
7f9a6fb8c000-7f9a6fd8b000 ---p 00007000 08:01 1466287                    /lib/x86_64-linux-gnu/librt-2.23.so
7f9a6fd8b000-7f9a6fd8c000 r--p 00006000 08:01 1466287                    /lib/x86_64-linux-gnu/librt-2.23.so
7f9a6fd8c000-7f9a6fd8d000 rw-p 00007000 08:01 1466287                    /lib/x86_64-linux-gnu/librt-2.23.so
7f9a6fd8d000-7f9a6fe95000 r-xp 00000000 08:01 1466431                    /lib/x86_64-linux-gnu/libm-2.23.so
7f9a6fe95000-7f9a70094000 ---p 00108000 08:01 1466431                    /lib/x86_64-linux-gnu/libm-2.23.so
7f9a70094000-7f9a70095000 r--p 00107000 08:01 1466431                    /lib/x86_64-linux-gnu/libm-2.23.so
7f9a70095000-7f9a70096000 rw-p 00108000 08:01 1466431                    /lib/x86_64-linux-gnu/libm-2.23.so
7f9a70096000-7f9a70d44000 r-xp 00000000 08:01 929514                     /opt/jdk1.8.0_45/jre/lib/amd64/server/libjvm.so
7f9a70d44000-7f9a70f43000 ---p 00cae000 08:01 929514                     /opt/jdk1.8.0_45/jre/lib/amd64/server/libjvm.so
7f9a70f43000-7f9a7101a000 rw-p 00cad000 08:01 929514                     /opt/jdk1.8.0_45/jre/lib/amd64/server/libjvm.so
7f9a7101a000-7f9a7105e000 rw-p 00000000 00:00 0 
7f9a7105e000-7f9a7121e000 r-xp 00000000 08:01 1466351                    /lib/x86_64-linux-gnu/libc-2.23.so
7f9a7121e000-7f9a7141d000 ---p 001c0000 08:01 1466351                    /lib/x86_64-linux-gnu/libc-2.23.so
7f9a7141d000-7f9a71421000 r--p 001bf000 08:01 1466351                    /lib/x86_64-linux-gnu/libc-2.23.so
7f9a71421000-7f9a71423000 rw-p 001c3000 08:01 1466351                    /lib/x86_64-linux-gnu/libc-2.23.so
7f9a71423000-7f9a71427000 rw-p 00000000 00:00 0 
7f9a71427000-7f9a7142a000 r-xp 00000000 08:01 1466481                    /lib/x86_64-linux-gnu/libdl-2.23.so
7f9a7142a000-7f9a71629000 ---p 00003000 08:01 1466481                    /lib/x86_64-linux-gnu/libdl-2.23.so
7f9a71629000-7f9a7162a000 r--p 00002000 08:01 1466481                    /lib/x86_64-linux-gnu/libdl-2.23.so
7f9a7162a000-7f9a7162b000 rw-p 00003000 08:01 1466481                    /lib/x86_64-linux-gnu/libdl-2.23.so
7f9a7162b000-7f9a71640000 r-xp 00000000 08:01 930439                     /opt/jdk1.8.0_45/lib/amd64/jli/libjli.so
7f9a71640000-7f9a71840000 ---p 00015000 08:01 930439                     /opt/jdk1.8.0_45/lib/amd64/jli/libjli.so
7f9a71840000-7f9a71841000 rw-p 00015000 08:01 930439                     /opt/jdk1.8.0_45/lib/amd64/jli/libjli.so
7f9a71841000-7f9a71859000 r-xp 00000000 08:01 1466459                    /lib/x86_64-linux-gnu/libpthread-2.23.so
7f9a71859000-7f9a71a58000 ---p 00018000 08:01 1466459                    /lib/x86_64-linux-gnu/libpthread-2.23.so
7f9a71a58000-7f9a71a59000 r--p 00017000 08:01 1466459                    /lib/x86_64-linux-gnu/libpthread-2.23.so
7f9a71a59000-7f9a71a5a000 rw-p 00018000 08:01 1466459                    /lib/x86_64-linux-gnu/libpthread-2.23.so
7f9a71a5a000-7f9a71a5e000 rw-p 00000000 00:00 0 
7f9a71a5e000-7f9a71a84000 r-xp 00000000 08:01 1466338                    /lib/x86_64-linux-gnu/ld-2.23.so
7f9a71a86000-7f9a71b5f000 rw-p 00000000 00:00 0 
7f9a71b5f000-7f9a71b62000 ---p 00000000 00:00 0 
7f9a71b62000-7f9a71c64000 rw-p 00000000 00:00 0 
7f9a71c69000-7f9a71c77000 r--s 000e0000 08:02 3289348                    /home/ty/Android/Sdk/build-tools/24.0.1/lib/dx.jar
7f9a71c77000-7f9a71c7f000 rw-s 00000000 08:01 531010                     /tmp/hsperfdata_ty/11085
7f9a71c7f000-7f9a71c80000 rw-p 00000000 00:00 0 
7f9a71c80000-7f9a71c81000 ---p 00000000 00:00 0 
7f9a71c81000-7f9a71c83000 rw-p 00000000 00:00 0 
7f9a71c83000-7f9a71c84000 r--p 00025000 08:01 1466338                    /lib/x86_64-linux-gnu/ld-2.23.so
7f9a71c84000-7f9a71c85000 rw-p 00026000 08:01 1466338                    /lib/x86_64-linux-gnu/ld-2.23.so
7f9a71c85000-7f9a71c86000 rw-p 00000000 00:00 0 
7fffe1e49000-7fffe1e6b000 rw-p 00000000 00:00 0                          [stack]
7fffe1ea5000-7fffe1ea7000 r--p 00000000 00:00 0                          [vvar]
7fffe1ea7000-7fffe1ea9000 r-xp 00000000 00:00 0                          [vdso]
ffffffffff600000-ffffffffff601000 r-xp 00000000 00:00 0                  [vsyscall]

VM Arguments:
jvm_args: -Djava.awt.headless=true -Xmx1024M -Dfile.encoding=UTF-8 -Duser.country=CN -Duser.language=zh -Duser.variant 
java_command: com.android.dx.command.Main --dex --num-threads=4 --output /home/ty/AndroidStudioProjects/CallerInfo/app/build/intermediates/transforms/dex/debug/folders/1000/1f/main /home/ty/AndroidStudioProjects/CallerInfo/app/build/intermediates/transforms/proguard/debug/jars/3/1f/main.jar
java_class_path (initial): /home/ty/Android/Sdk/build-tools/24.0.1/lib/dx.jar
Launcher Type: SUN_STANDARD

Environment Variables:
JAVA_HOME=/opt/jdk1.8.0_45
PATH=/home/ty/bin:/usr/local/sbin:/usr/local/bin:/usr/sbin:/usr/bin:/sbin:/bin:/usr/games:/usr/local/games:/snap/bin:/home/ty/Android/Sdk/tools:/home/ty/Android/Sdk/platform-tools:/home/ty/android-studio/gradle/gradle-2.2.1/bin:/opt/jdk1.7.0_79/bin
LD_LIBRARY_PATH=bin:/home/ty/Android/Sdk/tools/lib64:/home/ty/Android/Sdk/tools/lib64/qt/lib/:
SHELL=/bin/bash
DISPLAY=:0

Signal Handlers:
SIGSEGV: [libjvm.so+0xaad1e0], sa_mask[0]=11111111011111111101111111111110, sa_flags=SA_RESTART|SA_SIGINFO
SIGBUS: [libjvm.so+0xaad1e0], sa_mask[0]=11111111011111111101111111111110, sa_flags=SA_RESTART|SA_SIGINFO
SIGFPE: [libjvm.so+0x90b450], sa_mask[0]=11111111011111111101111111111110, sa_flags=SA_RESTART|SA_SIGINFO
SIGPIPE: [libjvm.so+0x90b450], sa_mask[0]=11111111011111111101111111111110, sa_flags=SA_RESTART|SA_SIGINFO
SIGXFSZ: [libjvm.so+0x90b450], sa_mask[0]=11111111011111111101111111111110, sa_flags=SA_RESTART|SA_SIGINFO
SIGILL: [libjvm.so+0x90b450], sa_mask[0]=11111111011111111101111111111110, sa_flags=SA_RESTART|SA_SIGINFO
SIGUSR1: SIG_DFL, sa_mask[0]=00000000000000000000000000000000, sa_flags=none
SIGUSR2: [libjvm.so+0x90ca90], sa_mask[0]=00100000000000000000000000000000, sa_flags=SA_RESTART|SA_SIGINFO
SIGHUP: [libjvm.so+0x90dde0], sa_mask[0]=11111111011111111101111111111110, sa_flags=SA_RESTART|SA_SIGINFO
SIGINT: [libjvm.so+0x90dde0], sa_mask[0]=11111111011111111101111111111110, sa_flags=SA_RESTART|SA_SIGINFO
SIGTERM: [libjvm.so+0x90dde0], sa_mask[0]=11111111011111111101111111111110, sa_flags=SA_RESTART|SA_SIGINFO
SIGQUIT: [libjvm.so+0x90dde0], sa_mask[0]=11111111011111111101111111111110, sa_flags=SA_RESTART|SA_SIGINFO


---------------  S Y S T E M  ---------------

OS:DISTRIB_ID=Ubuntu
DISTRIB_RELEASE=16.04
DISTRIB_CODENAME=xenial
DISTRIB_DESCRIPTION="Ubuntu 16.04 LTS"

uname:Linux 4.4.0-31-generic #50-Ubuntu SMP Wed Jul 13 00:07:12 UTC 2016 x86_64
libc:glibc 2.23 NPTL 2.23 
rlimit: STACK 8192k, CORE 0k, NPROC 31686, NOFILE 65536, AS infinity
load average:4.34 2.89 2.54

/proc/meminfo:
MemTotal:        8150612 kB
MemFree:          113468 kB
MemAvailable:       8196 kB
Buffers:             900 kB
Cached:           132036 kB
SwapCached:            0 kB
Active:          7054132 kB
Inactive:         121720 kB
Active(anon):    7045568 kB
Inactive(anon):   113772 kB
Active(file):       8564 kB
Inactive(file):     7948 kB
Unevictable:         160 kB
Mlocked:             160 kB
SwapTotal:             0 kB
SwapFree:              0 kB
Dirty:               260 kB
Writeback:            24 kB
AnonPages:       7043688 kB
Mapped:           120852 kB
Shmem:            115812 kB
Slab:             121428 kB
SReclaimable:      46944 kB
SUnreclaim:        74484 kB
KernelStack:       13360 kB
PageTables:        57648 kB
NFS_Unstable:          0 kB
Bounce:                0 kB
WritebackTmp:          0 kB
CommitLimit:     4075304 kB
Committed_AS:   12677852 kB
VmallocTotal:   34359738367 kB
VmallocUsed:           0 kB
VmallocChunk:          0 kB
HardwareCorrupted:     0 kB
AnonHugePages:   3246080 kB
CmaTotal:              0 kB
CmaFree:               0 kB
HugePages_Total:       0
HugePages_Free:        0
HugePages_Rsvd:        0
HugePages_Surp:        0
Hugepagesize:       2048 kB
DirectMap4k:      976404 kB
DirectMap2M:     7389184 kB


CPU:total 4 (2 cores per cpu, 2 threads per core) family 6 model 42 stepping 7, cmov, cx8, fxsr, mmx, sse, sse2, sse3, ssse3, sse4.1, sse4.2, popcnt, avx, clmul, ht, tsc, tscinvbit

/proc/cpuinfo:
processor	: 0
vendor_id	: GenuineIntel
cpu family	: 6
model		: 42
model name	: Intel(R) Core(TM) i3-2330M CPU @ 2.20GHz
stepping	: 7
microcode	: 0x29
cpu MHz		: 1499.953
cache size	: 3072 KB
physical id	: 0
siblings	: 4
core id		: 0
cpu cores	: 2
apicid		: 0
initial apicid	: 0
fpu		: yes
fpu_exception	: yes
cpuid level	: 13
wp		: yes
flags		: fpu vme de pse tsc msr pae mce cx8 apic sep mtrr pge mca cmov pat pse36 clflush dts acpi mmx fxsr sse sse2 ss ht tm pbe syscall nx rdtscp lm constant_tsc arch_perfmon pebs bts rep_good nopl xtopology nonstop_tsc aperfmperf eagerfpu pni pclmulqdq dtes64 monitor ds_cpl vmx est tm2 ssse3 cx16 xtpr pdcm pcid sse4_1 sse4_2 x2apic popcnt tsc_deadline_timer xsave avx lahf_lm epb tpr_shadow vnmi flexpriority ept vpid xsaveopt dtherm arat pln pts
bugs		:
bogomips	: 4390.14
clflush size	: 64
cache_alignment	: 64
address sizes	: 36 bits physical, 48 bits virtual
power management:

processor	: 1
vendor_id	: GenuineIntel
cpu family	: 6
model		: 42
model name	: Intel(R) Core(TM) i3-2330M CPU @ 2.20GHz
stepping	: 7
microcode	: 0x29
cpu MHz		: 1499.953
cache size	: 3072 KB
physical id	: 0
siblings	: 4
core id		: 1
cpu cores	: 2
apicid		: 2
initial apicid	: 2
fpu		: yes
fpu_exception	: yes
cpuid level	: 13
wp		: yes
flags		: fpu vme de pse tsc msr pae mce cx8 apic sep mtrr pge mca cmov pat pse36 clflush dts acpi mmx fxsr sse sse2 ss ht tm pbe syscall nx rdtscp lm constant_tsc arch_perfmon pebs bts rep_good nopl xtopology nonstop_tsc aperfmperf eagerfpu pni pclmulqdq dtes64 monitor ds_cpl vmx est tm2 ssse3 cx16 xtpr pdcm pcid sse4_1 sse4_2 x2apic popcnt tsc_deadline_timer xsave avx lahf_lm epb tpr_shadow vnmi flexpriority ept vpid xsaveopt dtherm arat pln pts
bugs		:
bogomips	: 4390.14
clflush size	: 64
cache_alignment	: 64
address sizes	: 36 bits physical, 48 bits virtual
power management:

processor	: 2
vendor_id	: GenuineIntel
cpu family	: 6
model		: 42
model name	: Intel(R) Core(TM) i3-2330M CPU @ 2.20GHz
stepping	: 7
microcode	: 0x29
cpu MHz		: 1499.953
cache size	: 3072 KB
physical id	: 0
siblings	: 4
core id		: 0
cpu cores	: 2
apicid		: 1
initial apicid	: 1
fpu		: yes
fpu_exception	: yes
cpuid level	: 13
wp		: yes
flags		: fpu vme de pse tsc msr pae mce cx8 apic sep mtrr pge mca cmov pat pse36 clflush dts acpi mmx fxsr sse sse2 ss ht tm pbe syscall nx rdtscp lm constant_tsc arch_perfmon pebs bts rep_good nopl xtopology nonstop_tsc aperfmperf eagerfpu pni pclmulqdq dtes64 monitor ds_cpl vmx est tm2 ssse3 cx16 xtpr pdcm pcid sse4_1 sse4_2 x2apic popcnt tsc_deadline_timer xsave avx lahf_lm epb tpr_shadow vnmi flexpriority ept vpid xsaveopt dtherm arat pln pts
bugs		:
bogomips	: 4390.14
clflush size	: 64
cache_alignment	: 64
address sizes	: 36 bits physical, 48 bits virtual
power management:

processor	: 3
vendor_id	: GenuineIntel
cpu family	: 6
model		: 42
model name	: Intel(R) Core(TM) i3-2330M CPU @ 2.20GHz
stepping	: 7
microcode	: 0x29
cpu MHz		: 1499.953
cache size	: 3072 KB
physical id	: 0
siblings	: 4
core id		: 1
cpu cores	: 2
apicid		: 3
initial apicid	: 3
fpu		: yes
fpu_exception	: yes
cpuid level	: 13
wp		: yes
flags		: fpu vme de pse tsc msr pae mce cx8 apic sep mtrr pge mca cmov pat pse36 clflush dts acpi mmx fxsr sse sse2 ss ht tm pbe syscall nx rdtscp lm constant_tsc arch_perfmon pebs bts rep_good nopl xtopology nonstop_tsc aperfmperf eagerfpu pni pclmulqdq dtes64 monitor ds_cpl vmx est tm2 ssse3 cx16 xtpr pdcm pcid sse4_1 sse4_2 x2apic popcnt tsc_deadline_timer xsave avx lahf_lm epb tpr_shadow vnmi flexpriority ept vpid xsaveopt dtherm arat pln pts
bugs		:
bogomips	: 4390.14
clflush size	: 64
cache_alignment	: 64
address sizes	: 36 bits physical, 48 bits virtual
power management:



Memory: 4k page, physical 8150612k(114084k free), swap 0k(0k free)

vm_info: Java HotSpot(TM) 64-Bit Server VM (25.45-b02) for linux-amd64 JRE (1.8.0_45-b14), built on Apr 10 2015 10:07:45 by "java_re" with gcc 4.3.0 20080428 (Red Hat 4.3.0-8)

time: Sun Aug  7 16:25:09 2016
elapsed time: 31 seconds (0d 0h 0m 31s)

