#
# There is insufficient memory for the Java Runtime Environment to continue.
# Native memory allocation (mmap) failed to map 136839168 bytes for committing reserved memory.
# Possible reasons:
#   The system is out of physical RAM or swap space
#   In 32 bit mode, the process size limit was hit
# Possible solutions:
#   Reduce memory load on the system
#   Increase physical memory or swap space
#   Check if swap backing store is full
#   Use 64 bit Java on a 64 bit OS
#   Decrease Java heap size (-Xmx/-Xms)
#   Decrease number of Java threads
#   Decrease Java thread stack sizes (-Xss)
#   Set larger code cache with -XX:ReservedCodeCacheSize=
# This output file may be truncated or incomplete.
#
#  Out of Memory Error (os_linux.cpp:2673), pid=4963, tid=139843185104640
#
# JRE version: Java(TM) SE Runtime Environment (8.0_45-b14) (build 1.8.0_45-b14)
# Java VM: Java HotSpot(TM) 64-Bit Server VM (25.45-b02 mixed mode linux-amd64 compressed oops)
# Failed to write core dump. Core dumps have been disabled. To enable core dumping, try "ulimit -c unlimited" before starting Java again
#

---------------  T H R E A D  ---------------

Current thread (0x00007f2fdc077800):  VMThread [stack: 0x00007f2fc74f5000,0x00007f2fc75f6000] [id=4973]

Stack: [0x00007f2fc74f5000,0x00007f2fc75f6000],  sp=0x00007f2fc75f4020,  free space=1020k
Native frames: (J=compiled Java code, j=interpreted, Vv=VM code, C=native code)
V  [libjvm.so+0xaac99a]  VMError::report_and_die()+0x2ba
V  [libjvm.so+0x4f333b]  report_vm_out_of_memory(char const*, int, unsigned long, VMErrorType, char const*)+0x8b
V  [libjvm.so+0x90e7c3]  os::Linux::commit_memory_impl(char*, unsigned long, bool)+0x103
V  [libjvm.so+0x90ed19]  os::pd_commit_memory(char*, unsigned long, unsigned long, bool)+0x29
V  [libjvm.so+0x90867a]  os::commit_memory(char*, unsigned long, unsigned long, bool)+0x2a
V  [libjvm.so+0x97bac3]  PSVirtualSpace::expand_by(unsigned long)+0x53
V  [libjvm.so+0x96c320]  PSOldGen::expand(unsigned long)+0x170
V  [libjvm.so+0x96c52b]  PSOldGen::resize(unsigned long)+0x1cb
V  [libjvm.so+0x974241]  PSParallelCompact::invoke_no_policy(bool)+0x9d1
V  [libjvm.so+0x979bed]  PSScavenge::invoke()+0x1ad
V  [libjvm.so+0x932050]  ParallelScavengeHeap::failed_mem_allocate(unsigned long)+0x70
V  [libjvm.so+0xaae1d7]  VM_ParallelGCFailedAllocation::doit()+0x97
V  [libjvm.so+0xab59c5]  VM_Operation::evaluate()+0x55
V  [libjvm.so+0xab3d9a]  VMThread::evaluate_operation(VM_Operation*)+0xba
V  [libjvm.so+0xab411e]  VMThread::loop()+0x1ce
V  [libjvm.so+0xab4590]  VMThread::run()+0x70
V  [libjvm.so+0x910de8]  java_start(Thread*)+0x108

VM_Operation (0x00007f2fe5d08f90): ParallelGCFailedAllocation, mode: safepoint, requested by thread 0x00007f2fdc00a000


---------------  P R O C E S S  ---------------

Java Threads: ( => current thread )
  0x00007f2fdc0c8000 JavaThread "Service Thread" daemon [_thread_blocked, id=4980, stack(0x00007f2fc642f000,0x00007f2fc6530000)]
  0x00007f2fdc0ba800 JavaThread "C1 CompilerThread2" daemon [_thread_blocked, id=4979, stack(0x00007f2fc6530000,0x00007f2fc6631000)]
  0x00007f2fdc0b9000 JavaThread "C2 CompilerThread1" daemon [_thread_blocked, id=4978, stack(0x00007f2fc6631000,0x00007f2fc6732000)]
  0x00007f2fdc0b6000 JavaThread "C2 CompilerThread0" daemon [_thread_blocked, id=4977, stack(0x00007f2fc6732000,0x00007f2fc6833000)]
  0x00007f2fdc0b4800 JavaThread "Signal Dispatcher" daemon [_thread_blocked, id=4976, stack(0x00007f2fc6833000,0x00007f2fc6934000)]
  0x00007f2fdc07f000 JavaThread "Finalizer" daemon [_thread_blocked, id=4975, stack(0x00007f2fc72f3000,0x00007f2fc73f4000)]
  0x00007f2fdc07c800 JavaThread "Reference Handler" daemon [_thread_blocked, id=4974, stack(0x00007f2fc73f4000,0x00007f2fc74f5000)]
  0x00007f2fdc00a000 JavaThread "main" [_thread_blocked, id=4967, stack(0x00007f2fe5c0a000,0x00007f2fe5d0b000)]

Other Threads:
=>0x00007f2fdc077800 VMThread [stack: 0x00007f2fc74f5000,0x00007f2fc75f6000] [id=4973]
  0x00007f2fdc0ca800 WatcherThread [stack: 0x00007f2fc632e000,0x00007f2fc642f000] [id=4981]

VM state:at safepoint (normal execution)

VM Mutex/Monitor currently owned by a thread:  ([mutex/lock_event])
[0x00007f2fdc005ce0] ExpandHeap_lock - owner thread: 0x00007f2fdc077800
[0x00007f2fdc006360] Threads_lock - owner thread: 0x00007f2fdc077800
[0x00007f2fdc006860] Heap_lock - owner thread: 0x00007f2fdc00a000

Heap:
 PSYoungGen      total 232960K, used 0K [0x00000000eab00000, 0x0000000100000000, 0x0000000100000000)
  eden space 116736K, 0% used [0x00000000eab00000,0x00000000eab00000,0x00000000f1d00000)
  from space 116224K, 0% used [0x00000000f8e80000,0x00000000f8e80000,0x0000000100000000)
  to   space 116224K, 0% used [0x00000000f1d00000,0x00000000f1d00000,0x00000000f8e80000)
 ParOldGen       total 290304K, used 263339K [0x00000000c0000000, 0x00000000d1b80000, 0x00000000eab00000)
  object space 290304K, 90% used [0x00000000c0000000,0x00000000d012ae08,0x00000000d1b80000)
 Metaspace       used 6820K, capacity 7608K, committed 7936K, reserved 1056768K
  class space    used 628K, capacity 688K, committed 768K, reserved 1048576K

Card table byte_map: [0x00007f2fe27d9000,0x00007f2fe29da000] byte_map_base: 0x00007f2fe21d9000

Marking Bits: (ParMarkBitMap*) 0x00007f2fe50de760
 Begin Bits: [0x00007f2fe027f000, 0x00007f2fe127f000)
 End Bits:   [0x00007f2fe127f000, 0x00007f2fe227f000)

Polling page: 0x00007f2fe5d2b000

CodeCache: size=245760Kb used=11646Kb max_used=12545Kb free=234113Kb
 bounds [0x00007f2fcd000000, 0x00007f2fcdc50000, 0x00007f2fdc000000]
 total_blobs=2873 nmethods=2604 adapters=182
 compilation: enabled

Compilation events (10 events):
Event: 51.992 Thread 0x00007f2fdc0b9000 nmethod 2540 0x00007f2fcd698510 code [0x00007f2fcd698760, 0x00007f2fcd699628]
Event: 51.992 Thread 0x00007f2fdc0b9000 3245       4       com.android.dx.rop.code.RegisterSpecSet::withOffset (77 bytes)
Event: 52.020 Thread 0x00007f2fdc0b9000 nmethod 3245 0x00007f2fcd2b40d0 code [0x00007f2fcd2b4280, 0x00007f2fcd2b4808]
Event: 52.020 Thread 0x00007f2fdc0b9000 3246 %     4       com.android.dx.dex.code.OutputFinisher::align64bits @ 44 (247 bytes)
Event: 52.035 Thread 0x00007f2fdc0ba800 3281       1       com.android.dx.dex.code.form.Form31i::codeSize (2 bytes)
Event: 52.035 Thread 0x00007f2fdc0ba800 nmethod 3281 0x00007f2fcd345910 code [0x00007f2fcd345a60, 0x00007f2fcd345b70]
Event: 52.051 Thread 0x00007f2fdc0b9000 nmethod 3246% 0x00007f2fcd2c6110 code [0x00007f2fcd2c6300, 0x00007f2fcd2c6b30]
Event: 52.051 Thread 0x00007f2fdc0b9000 3259 %     4       com.android.dx.dex.code.OutputFinisher::calculateReservedCount @ 16 (122 bytes)
Event: 52.101 Thread 0x00007f2fdc0b9000 nmethod 3259% 0x00007f2fcd3e5b90 code [0x00007f2fcd3e5dc0, 0x00007f2fcd3e6800]
Event: 52.101 Thread 0x00007f2fdc0b9000 3282       4       com.android.dx.dex.code.OutputFinisher::align64bits (247 bytes)

GC Heap History (10 events):
Event: 37.336 GC heap after
Heap after GC invocations=14 (full 2):
 PSYoungGen      total 248832K, used 57717K [0x00000000eab00000, 0x0000000100000000, 0x0000000100000000)
  eden space 152576K, 0% used [0x00000000eab00000,0x00000000eab00000,0x00000000f4000000)
  from space 96256K, 59% used [0x00000000fa200000,0x00000000fda5d528,0x0000000100000000)
  to   space 98304K, 0% used [0x00000000f4000000,0x00000000f4000000,0x00000000fa000000)
 ParOldGen       total 290304K, used 177412K [0x00000000c0000000, 0x00000000d1b80000, 0x00000000eab00000)
  object space 290304K, 61% used [0x00000000c0000000,0x00000000cad41188,0x00000000d1b80000)
 Metaspace       used 6463K, capacity 7222K, committed 7296K, reserved 1056768K
  class space    used 609K, capacity 622K, committed 640K, reserved 1048576K
}
Event: 39.107 GC heap before
{Heap before GC invocations=15 (full 2):
 PSYoungGen      total 248832K, used 210293K [0x00000000eab00000, 0x0000000100000000, 0x0000000100000000)
  eden space 152576K, 100% used [0x00000000eab00000,0x00000000f4000000,0x00000000f4000000)
  from space 96256K, 59% used [0x00000000fa200000,0x00000000fda5d528,0x0000000100000000)
  to   space 98304K, 0% used [0x00000000f4000000,0x00000000f4000000,0x00000000fa000000)
 ParOldGen       total 290304K, used 177412K [0x00000000c0000000, 0x00000000d1b80000, 0x00000000eab00000)
  object space 290304K, 61% used [0x00000000c0000000,0x00000000cad41188,0x00000000d1b80000)
 Metaspace       used 6475K, capacity 7222K, committed 7296K, reserved 1056768K
  class space    used 609K, capacity 622K, committed 640K, reserved 1048576K
Event: 39.489 GC heap after
Heap after GC invocations=15 (full 2):
 PSYoungGen      total 228352K, used 75735K [0x00000000eab00000, 0x0000000100000000, 0x0000000100000000)
  eden space 152576K, 0% used [0x00000000eab00000,0x00000000eab00000,0x00000000f4000000)
  from space 75776K, 99% used [0x00000000f4000000,0x00000000f89f5f30,0x00000000f8a00000)
  to   space 105984K, 0% used [0x00000000f9880000,0x00000000f9880000,0x0000000100000000)
 ParOldGen       total 290304K, used 177412K [0x00000000c0000000, 0x00000000d1b80000, 0x00000000eab00000)
  object space 290304K, 61% used [0x00000000c0000000,0x00000000cad41188,0x00000000d1b80000)
 Metaspace       used 6475K, capacity 7222K, committed 7296K, reserved 1056768K
  class space    used 609K, capacity 622K, committed 640K, reserved 1048576K
}
Event: 41.772 GC heap before
{Heap before GC invocations=16 (full 2):
 PSYoungGen      total 228352K, used 228311K [0x00000000eab00000, 0x0000000100000000, 0x0000000100000000)
  eden space 152576K, 100% used [0x00000000eab00000,0x00000000f4000000,0x00000000f4000000)
  from space 75776K, 99% used [0x00000000f4000000,0x00000000f89f5f30,0x00000000f8a00000)
  to   space 105984K, 0% used [0x00000000f9880000,0x00000000f9880000,0x0000000100000000)
 ParOldGen       total 290304K, used 177412K [0x00000000c0000000, 0x00000000d1b80000, 0x00000000eab00000)
  object space 290304K, 61% used [0x00000000c0000000,0x00000000cad41188,0x00000000d1b80000)
 Metaspace       used 6479K, capacity 7286K, committed 7552K, reserved 1056768K
  class space    used 609K, capacity 622K, committed 640K, reserved 1048576K
Event: 42.361 GC heap after
Heap after GC invocations=16 (full 2):
 PSYoungGen      total 222720K, used 99565K [0x00000000eab00000, 0x0000000100000000, 0x0000000100000000)
  eden space 116736K, 0% used [0x00000000eab00000,0x00000000eab00000,0x00000000f1d00000)
  from space 105984K, 93% used [0x00000000f9880000,0x00000000ff9bb560,0x0000000100000000)
  to   space 116224K, 0% used [0x00000000f1d00000,0x00000000f1d00000,0x00000000f8e80000)
 ParOldGen       total 290304K, used 177412K [0x00000000c0000000, 0x00000000d1b80000, 0x00000000eab00000)
  object space 290304K, 61% used [0x00000000c0000000,0x00000000cad41188,0x00000000d1b80000)
 Metaspace       used 6479K, capacity 7286K, committed 7552K, reserved 1056768K
  class space    used 609K, capacity 622K, committed 640K, reserved 1048576K
}
Event: 43.850 GC heap before
{Heap before GC invocations=17 (full 2):
 PSYoungGen      total 222720K, used 216301K [0x00000000eab00000, 0x0000000100000000, 0x0000000100000000)
  eden space 116736K, 100% used [0x00000000eab00000,0x00000000f1d00000,0x00000000f1d00000)
  from space 105984K, 93% used [0x00000000f9880000,0x00000000ff9bb560,0x0000000100000000)
  to   space 116224K, 0% used [0x00000000f1d00000,0x00000000f1d00000,0x00000000f8e80000)
 ParOldGen       total 290304K, used 177412K [0x00000000c0000000, 0x00000000d1b80000, 0x00000000eab00000)
  object space 290304K, 61% used [0x00000000c0000000,0x00000000cad41188,0x00000000d1b80000)
 Metaspace       used 6482K, capacity 7286K, committed 7552K, reserved 1056768K
  class space    used 609K, capacity 622K, committed 640K, reserved 1048576K
Event: 44.528 GC heap after
Heap after GC invocations=17 (full 2):
 PSYoungGen      total 232960K, used 87211K [0x00000000eab00000, 0x0000000100000000, 0x0000000100000000)
  eden space 116736K, 0% used [0x00000000eab00000,0x00000000eab00000,0x00000000f1d00000)
  from space 116224K, 75% used [0x00000000f1d00000,0x00000000f722afe0,0x00000000f8e80000)
  to   space 116224K, 0% used [0x00000000f8e80000,0x00000000f8e80000,0x0000000100000000)
 ParOldGen       total 290304K, used 209275K [0x00000000c0000000, 0x00000000d1b80000, 0x00000000eab00000)
  object space 290304K, 72% used [0x00000000c0000000,0x00000000ccc5ecd8,0x00000000d1b80000)
 Metaspace       used 6482K, capacity 7286K, committed 7552K, reserved 1056768K
  class space    used 609K, capacity 622K, committed 640K, reserved 1048576K
}
Event: 52.104 GC heap before
{Heap before GC invocations=18 (full 2):
 PSYoungGen      total 232960K, used 203947K [0x00000000eab00000, 0x0000000100000000, 0x0000000100000000)
  eden space 116736K, 100% used [0x00000000eab00000,0x00000000f1d00000,0x00000000f1d00000)
  from space 116224K, 75% used [0x00000000f1d00000,0x00000000f722afe0,0x00000000f8e80000)
  to   space 116224K, 0% used [0x00000000f8e80000,0x00000000f8e80000,0x0000000100000000)
 ParOldGen       total 290304K, used 209275K [0x00000000c0000000, 0x00000000d1b80000, 0x00000000eab00000)
  object space 290304K, 72% used [0x00000000c0000000,0x00000000ccc5ecd8,0x00000000d1b80000)
 Metaspace       used 6820K, capacity 7608K, committed 7936K, reserved 1056768K
  class space    used 628K, capacity 688K, committed 768K, reserved 1048576K
Event: 52.653 GC heap after
Heap after GC invocations=18 (full 2):
 PSYoungGen      total 232960K, used 67970K [0x00000000eab00000, 0x0000000100000000, 0x0000000100000000)
  eden space 116736K, 0% used [0x00000000eab00000,0x00000000eab00000,0x00000000f1d00000)
  from space 116224K, 58% used [0x00000000f8e80000,0x00000000fd0e0aa8,0x0000000100000000)
  to   space 116224K, 0% used [0x00000000f1d00000,0x00000000f1d00000,0x00000000f8e80000)
 ParOldGen       total 290304K, used 252045K [0x00000000c0000000, 0x00000000d1b80000, 0x00000000eab00000)
  object space 290304K, 86% used [0x00000000c0000000,0x00000000cf623588,0x00000000d1b80000)
 Metaspace       used 6820K, capacity 7608K, committed 7936K, reserved 1056768K
  class space    used 628K, capacity 688K, committed 768K, reserved 1048576K
}
Event: 52.653 GC heap before
{Heap before GC invocations=19 (full 3):
 PSYoungGen      total 232960K, used 67970K [0x00000000eab00000, 0x0000000100000000, 0x0000000100000000)
  eden space 116736K, 0% used [0x00000000eab00000,0x00000000eab00000,0x00000000f1d00000)
  from space 116224K, 58% used [0x00000000f8e80000,0x00000000fd0e0aa8,0x0000000100000000)
  to   space 116224K, 0% used [0x00000000f1d00000,0x00000000f1d00000,0x00000000f8e80000)
 ParOldGen       total 290304K, used 252045K [0x00000000c0000000, 0x00000000d1b80000, 0x00000000eab00000)
  object space 290304K, 86% used [0x00000000c0000000,0x00000000cf623588,0x00000000d1b80000)
 Metaspace       used 6820K, capacity 7608K, committed 7936K, reserved 1056768K
  class space    used 628K, capacity 688K, committed 768K, reserved 1048576K

Deoptimization events (10 events):
Event: 49.641 Thread 0x00007f2fdc00a000 Uncommon trap: reason=speculate_class_check action=maybe_recompile pc=0x00007f2fcd436ea0 method=com.android.dx.util.FixedSizeList.equals(Ljava/lang/Object;)Z @ 25
Event: 49.641 Thread 0x00007f2fdc00a000 Uncommon trap: reason=class_check action=maybe_recompile pc=0x00007f2fcd419ae8 method=java.util.Arrays.equals([Ljava/lang/Object;[Ljava/lang/Object;)Z @ 62
Event: 49.641 Thread 0x00007f2fdc00a000 Uncommon trap: reason=speculate_class_check action=maybe_recompile pc=0x00007f2fcd436ea0 method=com.android.dx.util.FixedSizeList.equals(Ljava/lang/Object;)Z @ 25
Event: 49.641 Thread 0x00007f2fdc00a000 Uncommon trap: reason=class_check action=maybe_recompile pc=0x00007f2fcd419ae8 method=java.util.Arrays.equals([Ljava/lang/Object;[Ljava/lang/Object;)Z @ 62
Event: 49.641 Thread 0x00007f2fdc00a000 Uncommon trap: reason=speculate_class_check action=maybe_recompile pc=0x00007f2fcd436ea0 method=com.android.dx.util.FixedSizeList.equals(Ljava/lang/Object;)Z @ 25
Event: 49.641 Thread 0x00007f2fdc00a000 Uncommon trap: reason=class_check action=maybe_recompile pc=0x00007f2fcd419ae8 method=java.util.Arrays.equals([Ljava/lang/Object;[Ljava/lang/Object;)Z @ 62
Event: 49.641 Thread 0x00007f2fdc00a000 Uncommon trap: reason=speculate_class_check action=maybe_recompile pc=0x00007f2fcd436ea0 method=com.android.dx.util.FixedSizeList.equals(Ljava/lang/Object;)Z @ 25
Event: 49.641 Thread 0x00007f2fdc00a000 Uncommon trap: reason=class_check action=maybe_recompile pc=0x00007f2fcd419ae8 method=java.util.Arrays.equals([Ljava/lang/Object;[Ljava/lang/Object;)Z @ 62
Event: 49.644 Thread 0x00007f2fdc00a000 Uncommon trap: reason=unstable_if action=reinterpret pc=0x00007f2fcd24e7a4 method=java.util.TreeMap.put(Ljava/lang/Object;Ljava/lang/Object;)Ljava/lang/Object; @ 163
Event: 51.088 Thread 0x00007f2fdc00a000 Uncommon trap: reason=unstable_if action=reinterpret pc=0x00007f2fcd5dc5ac method=com.android.dx.dex.code.LocalList$MakeState.snapshot(ILcom/android/dx/rop/code/RegisterSpecSet;)V @ 86

Internal exceptions (10 events):
Event: 3.024 Thread 0x00007f2fdc188800 Implicit null exception at 0x00007f2fcd2de1e2 to 0x00007f2fcd2de2e5
Event: 4.671 Thread 0x00007f2fdc18b000 Implicit null exception at 0x00007f2fcd40dd4f to 0x00007f2fcd410445
Event: 11.111 Thread 0x00007f2fdc18e800 Exception <a 'java/lang/ArrayIndexOutOfBoundsException': 18> (0x00000000eeedf660) thrown at [/RE-WORK/workspace/8-2-build-linux-amd64/jdk8u45/3457/hotspot/src/share/vm/interpreter/interpreterRuntime.cpp, line 366]
Event: 11.121 Thread 0x00007f2fdc18e800 Exception <a 'java/lang/ArrayIndexOutOfBoundsException'> (0x00000000eeee1130) thrown at [/RE-WORK/workspace/8-2-build-linux-amd64/jdk8u45/3457/hotspot/src/share/vm/runtime/sharedRuntime.cpp, line 605]
Event: 11.123 Thread 0x00007f2fdc18e800 Exception <a 'java/lang/ArrayIndexOutOfBoundsException'> (0x00000000eeee2368) thrown at [/RE-WORK/workspace/8-2-build-linux-amd64/jdk8u45/3457/hotspot/src/share/vm/runtime/sharedRuntime.cpp, line 605]
Event: 34.829 Thread 0x00007f2fdc188800 Implicit null exception at 0x00007f2fcd546f6f to 0x00007f2fcd548bb9
Event: 45.123 Thread 0x00007f2fdc18e800 Implicit null exception at 0x00007f2fcda10643 to 0x00007f2fcda14459
Event: 45.123 Thread 0x00007f2fdc18e800 Implicit null exception at 0x00007f2fcd8202f5 to 0x00007f2fcd8205dd
Event: 45.169 Thread 0x00007f2fdc18e800 Implicit null exception at 0x00007f2fcd42176f to 0x00007f2fcd4218e9
Event: 45.176 Thread 0x00007f2fdc18e800 Implicit null exception at 0x00007f2fcd6b05f5 to 0x00007f2fcd6b06fd

Events (10 events):
Event: 52.029 Thread 0x00007f2fdc00a000 DEOPT UNPACKING pc=0x00007f2fcd047633 sp=0x00007f2fe5d09088 mode 0
Event: 52.042 Thread 0x00007f2fdc00a000 DEOPT PACKING pc=0x00007f2fcd2f03b9 sp=0x00007f2fe5d092f0
Event: 52.042 Thread 0x00007f2fdc00a000 DEOPT UNPACKING pc=0x00007f2fcd047633 sp=0x00007f2fe5d09088 mode 0
Event: 52.059 Thread 0x00007f2fdc00a000 DEOPT PACKING pc=0x00007f2fcd43597b sp=0x00007f2fe5d092d0
Event: 52.059 Thread 0x00007f2fdc00a000 DEOPT UNPACKING pc=0x00007f2fcd047633 sp=0x00007f2fe5d09040 mode 0
Event: 52.091 Thread 0x00007f2fdc00a000 DEOPT PACKING pc=0x00007f2fcd2f03b9 sp=0x00007f2fe5d092f0
Event: 52.091 Thread 0x00007f2fdc00a000 DEOPT UNPACKING pc=0x00007f2fcd047633 sp=0x00007f2fe5d09088 mode 0
Event: 52.092 Thread 0x00007f2fdc00a000 DEOPT PACKING pc=0x00007f2fcd435964 sp=0x00007f2fe5d092d0
Event: 52.092 Thread 0x00007f2fdc00a000 DEOPT UNPACKING pc=0x00007f2fcd047633 sp=0x00007f2fe5d09040 mode 0
Event: 52.104 Executing VM operation: ParallelGCFailedAllocation


Dynamic libraries:
00400000-00401000 r-xp 00000000 08:01 931134                             /opt/jdk1.8.0_45/bin/java
00600000-00601000 rw-p 00000000 08:01 931134                             /opt/jdk1.8.0_45/bin/java
00a08000-00a29000 rw-p 00000000 00:00 0                                  [heap]
c0000000-d1b80000 rw-p 00000000 00:00 0 
d9e00000-eab00000 ---p 00000000 00:00 0 
eab00000-100000000 rw-p 00000000 00:00 0 
100000000-1000c0000 rw-p 00000000 00:00 0 
1000c0000-140000000 ---p 00000000 00:00 0 
7f2f78000000-7f2f78037000 rw-p 00000000 00:00 0 
7f2f78037000-7f2f7c000000 ---p 00000000 00:00 0 
7f2f80000000-7f2f80021000 rw-p 00000000 00:00 0 
7f2f80021000-7f2f84000000 ---p 00000000 00:00 0 
7f2f84000000-7f2f8403f000 rw-p 00000000 00:00 0 
7f2f8403f000-7f2f88000000 ---p 00000000 00:00 0 
7f2f88000000-7f2f88031000 rw-p 00000000 00:00 0 
7f2f88031000-7f2f8c000000 ---p 00000000 00:00 0 
7f2f8c000000-7f2f8c021000 rw-p 00000000 00:00 0 
7f2f8c021000-7f2f90000000 ---p 00000000 00:00 0 
7f2f90000000-7f2f90021000 rw-p 00000000 00:00 0 
7f2f90021000-7f2f94000000 ---p 00000000 00:00 0 
7f2f94000000-7f2f94021000 rw-p 00000000 00:00 0 
7f2f94021000-7f2f98000000 ---p 00000000 00:00 0 
7f2f98000000-7f2f99429000 rw-p 00000000 00:00 0 
7f2f99429000-7f2f9c000000 ---p 00000000 00:00 0 
7f2f9c000000-7f2f9c8b8000 rw-p 00000000 00:00 0 
7f2f9c8b8000-7f2fa0000000 ---p 00000000 00:00 0 
7f2fa0000000-7f2fa0021000 rw-p 00000000 00:00 0 
7f2fa0021000-7f2fa4000000 ---p 00000000 00:00 0 
7f2fa4000000-7f2fa55b1000 rw-p 00000000 00:00 0 
7f2fa55b1000-7f2fa8000000 ---p 00000000 00:00 0 
7f2fa8000000-7f2fa8021000 rw-p 00000000 00:00 0 
7f2fa8021000-7f2fac000000 ---p 00000000 00:00 0 
7f2fac000000-7f2fac021000 rw-p 00000000 00:00 0 
7f2fac021000-7f2fb0000000 ---p 00000000 00:00 0 
7f2fb0000000-7f2fb0021000 rw-p 00000000 00:00 0 
7f2fb0021000-7f2fb4000000 ---p 00000000 00:00 0 
7f2fb4000000-7f2fb4290000 rw-p 00000000 00:00 0 
7f2fb4290000-7f2fb8000000 ---p 00000000 00:00 0 
7f2fb8000000-7f2fb8021000 rw-p 00000000 00:00 0 
7f2fb8021000-7f2fbc000000 ---p 00000000 00:00 0 
7f2fc0000000-7f2fc0021000 rw-p 00000000 00:00 0 
7f2fc0021000-7f2fc4000000 ---p 00000000 00:00 0 
7f2fc5db3000-7f2fc5db6000 ---p 00000000 00:00 0 
7f2fc5db6000-7f2fc5eb4000 rw-p 00000000 00:00 0 
7f2fc5eb4000-7f2fc5eb7000 ---p 00000000 00:00 0 
7f2fc5eb7000-7f2fc5fb5000 rw-p 00000000 00:00 0 
7f2fc5fb5000-7f2fc5fb8000 ---p 00000000 00:00 0 
7f2fc5fb8000-7f2fc60b6000 rw-p 00000000 00:00 0 
7f2fc60b6000-7f2fc60b9000 ---p 00000000 00:00 0 
7f2fc60b9000-7f2fc61b7000 rw-p 00000000 00:00 0 
7f2fc61b7000-7f2fc61ba000 ---p 00000000 00:00 0 
7f2fc61ba000-7f2fc62b8000 rw-p 00000000 00:00 0 
7f2fc632e000-7f2fc632f000 ---p 00000000 00:00 0 
7f2fc632f000-7f2fc642f000 rw-p 00000000 00:00 0 
7f2fc642f000-7f2fc6432000 ---p 00000000 00:00 0 
7f2fc6432000-7f2fc6530000 rw-p 00000000 00:00 0 
7f2fc6530000-7f2fc6533000 ---p 00000000 00:00 0 
7f2fc6533000-7f2fc6631000 rw-p 00000000 00:00 0 
7f2fc6631000-7f2fc6634000 ---p 00000000 00:00 0 
7f2fc6634000-7f2fc6732000 rw-p 00000000 00:00 0 
7f2fc6732000-7f2fc6735000 ---p 00000000 00:00 0 
7f2fc6735000-7f2fc6833000 rw-p 00000000 00:00 0 
7f2fc6833000-7f2fc6836000 ---p 00000000 00:00 0 
7f2fc6836000-7f2fc6934000 rw-p 00000000 00:00 0 
7f2fc6934000-7f2fc72f3000 r--p 00000000 08:01 1053124                    /usr/lib/locale/locale-archive
7f2fc72f3000-7f2fc72f6000 ---p 00000000 00:00 0 
7f2fc72f6000-7f2fc73f4000 rw-p 00000000 00:00 0 
7f2fc73f4000-7f2fc73f7000 ---p 00000000 00:00 0 
7f2fc73f7000-7f2fc74f5000 rw-p 00000000 00:00 0 
7f2fc74f5000-7f2fc74f6000 ---p 00000000 00:00 0 
7f2fc74f6000-7f2fc8000000 rw-p 00000000 00:00 0 
7f2fc8000000-7f2fc8021000 rw-p 00000000 00:00 0 
7f2fc8021000-7f2fcc000000 ---p 00000000 00:00 0 
7f2fcc04f000-7f2fcc070000 r--p 00000000 08:01 1327481                    /usr/share/locale-langpack/zh_CN/LC_MESSAGES/libc.mo
7f2fcc070000-7f2fcc627000 rw-p 00000000 00:00 0 
7f2fcc627000-7f2fcc800000 r--s 03d09000 08:01 929576                     /opt/jdk1.8.0_45/jre/lib/rt.jar
7f2fcc800000-7f2fccf00000 rw-p 00000000 00:00 0 
7f2fccf00000-7f2fcd000000 ---p 00000000 00:00 0 
7f2fcd000000-7f2fcdc50000 rwxp 00000000 00:00 0 
7f2fcdc50000-7f2fdc000000 ---p 00000000 00:00 0 
7f2fdc000000-7f2fdc3a4000 rw-p 00000000 00:00 0 
7f2fdc3a4000-7f2fe0000000 ---p 00000000 00:00 0 
7f2fe0002000-7f2fe0009000 r--s 00000000 08:01 1182939                    /usr/lib/x86_64-linux-gnu/gconv/gconv-modules.cache
7f2fe0009000-7f2fe227f000 rw-p 00000000 00:00 0 
7f2fe227f000-7f2fe2280000 ---p 00000000 00:00 0 
7f2fe2280000-7f2fe2380000 rw-p 00000000 00:00 0 
7f2fe2380000-7f2fe2381000 ---p 00000000 00:00 0 
7f2fe2381000-7f2fe2481000 rw-p 00000000 00:00 0 
7f2fe2481000-7f2fe2482000 ---p 00000000 00:00 0 
7f2fe2482000-7f2fe2582000 rw-p 00000000 00:00 0 
7f2fe2582000-7f2fe2583000 ---p 00000000 00:00 0 
7f2fe2583000-7f2fe2711000 rw-p 00000000 00:00 0 
7f2fe2711000-7f2fe27d9000 ---p 00000000 00:00 0 
7f2fe27d9000-7f2fe2867000 rw-p 00000000 00:00 0 
7f2fe2867000-7f2fe292e000 ---p 00000000 00:00 0 
7f2fe292e000-7f2fe29d9000 rw-p 00000000 00:00 0 
7f2fe29d9000-7f2fe2a0c000 rw-p 00000000 00:00 0 
7f2fe2a0c000-7f2fe2d9a000 ---p 00000000 00:00 0 
7f2fe2d9a000-7f2fe2db4000 r-xp 00000000 08:01 929526                     /opt/jdk1.8.0_45/jre/lib/amd64/libzip.so
7f2fe2db4000-7f2fe2fb4000 ---p 0001a000 08:01 929526                     /opt/jdk1.8.0_45/jre/lib/amd64/libzip.so
7f2fe2fb4000-7f2fe2fb5000 rw-p 0001a000 08:01 929526                     /opt/jdk1.8.0_45/jre/lib/amd64/libzip.so
7f2fe2fb5000-7f2fe2fc0000 r-xp 00000000 08:01 1466482                    /lib/x86_64-linux-gnu/libnss_files-2.23.so
7f2fe2fc0000-7f2fe31bf000 ---p 0000b000 08:01 1466482                    /lib/x86_64-linux-gnu/libnss_files-2.23.so
7f2fe31bf000-7f2fe31c0000 r--p 0000a000 08:01 1466482                    /lib/x86_64-linux-gnu/libnss_files-2.23.so
7f2fe31c0000-7f2fe31c1000 rw-p 0000b000 08:01 1466482                    /lib/x86_64-linux-gnu/libnss_files-2.23.so
7f2fe31c1000-7f2fe31c7000 rw-p 00000000 00:00 0 
7f2fe31c7000-7f2fe31d2000 r-xp 00000000 08:01 1466453                    /lib/x86_64-linux-gnu/libnss_nis-2.23.so
7f2fe31d2000-7f2fe33d1000 ---p 0000b000 08:01 1466453                    /lib/x86_64-linux-gnu/libnss_nis-2.23.so
7f2fe33d1000-7f2fe33d2000 r--p 0000a000 08:01 1466453                    /lib/x86_64-linux-gnu/libnss_nis-2.23.so
7f2fe33d2000-7f2fe33d3000 rw-p 0000b000 08:01 1466453                    /lib/x86_64-linux-gnu/libnss_nis-2.23.so
7f2fe33d3000-7f2fe33e9000 r-xp 00000000 08:01 1466387                    /lib/x86_64-linux-gnu/libnsl-2.23.so
7f2fe33e9000-7f2fe35e8000 ---p 00016000 08:01 1466387                    /lib/x86_64-linux-gnu/libnsl-2.23.so
7f2fe35e8000-7f2fe35e9000 r--p 00015000 08:01 1466387                    /lib/x86_64-linux-gnu/libnsl-2.23.so
7f2fe35e9000-7f2fe35ea000 rw-p 00016000 08:01 1466387                    /lib/x86_64-linux-gnu/libnsl-2.23.so
7f2fe35ea000-7f2fe35ec000 rw-p 00000000 00:00 0 
7f2fe35ec000-7f2fe35f4000 r-xp 00000000 08:01 1466400                    /lib/x86_64-linux-gnu/libnss_compat-2.23.so
7f2fe35f4000-7f2fe37f3000 ---p 00008000 08:01 1466400                    /lib/x86_64-linux-gnu/libnss_compat-2.23.so
7f2fe37f3000-7f2fe37f4000 r--p 00007000 08:01 1466400                    /lib/x86_64-linux-gnu/libnss_compat-2.23.so
7f2fe37f4000-7f2fe37f5000 rw-p 00008000 08:01 1466400                    /lib/x86_64-linux-gnu/libnss_compat-2.23.so
7f2fe37f5000-7f2fe381f000 r-xp 00000000 08:01 929509                     /opt/jdk1.8.0_45/jre/lib/amd64/libjava.so
7f2fe381f000-7f2fe3a1f000 ---p 0002a000 08:01 929509                     /opt/jdk1.8.0_45/jre/lib/amd64/libjava.so
7f2fe3a1f000-7f2fe3a21000 rw-p 0002a000 08:01 929509                     /opt/jdk1.8.0_45/jre/lib/amd64/libjava.so
7f2fe3a21000-7f2fe3a2e000 r-xp 00000000 08:01 929533                     /opt/jdk1.8.0_45/jre/lib/amd64/libverify.so
7f2fe3a2e000-7f2fe3c2e000 ---p 0000d000 08:01 929533                     /opt/jdk1.8.0_45/jre/lib/amd64/libverify.so
7f2fe3c2e000-7f2fe3c30000 rw-p 0000d000 08:01 929533                     /opt/jdk1.8.0_45/jre/lib/amd64/libverify.so
7f2fe3c30000-7f2fe3c37000 r-xp 00000000 08:01 1466287                    /lib/x86_64-linux-gnu/librt-2.23.so
7f2fe3c37000-7f2fe3e36000 ---p 00007000 08:01 1466287                    /lib/x86_64-linux-gnu/librt-2.23.so
7f2fe3e36000-7f2fe3e37000 r--p 00006000 08:01 1466287                    /lib/x86_64-linux-gnu/librt-2.23.so
7f2fe3e37000-7f2fe3e38000 rw-p 00007000 08:01 1466287                    /lib/x86_64-linux-gnu/librt-2.23.so
7f2fe3e38000-7f2fe3f40000 r-xp 00000000 08:01 1466431                    /lib/x86_64-linux-gnu/libm-2.23.so
7f2fe3f40000-7f2fe413f000 ---p 00108000 08:01 1466431                    /lib/x86_64-linux-gnu/libm-2.23.so
7f2fe413f000-7f2fe4140000 r--p 00107000 08:01 1466431                    /lib/x86_64-linux-gnu/libm-2.23.so
7f2fe4140000-7f2fe4141000 rw-p 00108000 08:01 1466431                    /lib/x86_64-linux-gnu/libm-2.23.so
7f2fe4141000-7f2fe4def000 r-xp 00000000 08:01 929514                     /opt/jdk1.8.0_45/jre/lib/amd64/server/libjvm.so
7f2fe4def000-7f2fe4fee000 ---p 00cae000 08:01 929514                     /opt/jdk1.8.0_45/jre/lib/amd64/server/libjvm.so
7f2fe4fee000-7f2fe50c5000 rw-p 00cad000 08:01 929514                     /opt/jdk1.8.0_45/jre/lib/amd64/server/libjvm.so
7f2fe50c5000-7f2fe5109000 rw-p 00000000 00:00 0 
7f2fe5109000-7f2fe52c9000 r-xp 00000000 08:01 1466351                    /lib/x86_64-linux-gnu/libc-2.23.so
7f2fe52c9000-7f2fe54c8000 ---p 001c0000 08:01 1466351                    /lib/x86_64-linux-gnu/libc-2.23.so
7f2fe54c8000-7f2fe54cc000 r--p 001bf000 08:01 1466351                    /lib/x86_64-linux-gnu/libc-2.23.so
7f2fe54cc000-7f2fe54ce000 rw-p 001c3000 08:01 1466351                    /lib/x86_64-linux-gnu/libc-2.23.so
7f2fe54ce000-7f2fe54d2000 rw-p 00000000 00:00 0 
7f2fe54d2000-7f2fe54d5000 r-xp 00000000 08:01 1466481                    /lib/x86_64-linux-gnu/libdl-2.23.so
7f2fe54d5000-7f2fe56d4000 ---p 00003000 08:01 1466481                    /lib/x86_64-linux-gnu/libdl-2.23.so
7f2fe56d4000-7f2fe56d5000 r--p 00002000 08:01 1466481                    /lib/x86_64-linux-gnu/libdl-2.23.so
7f2fe56d5000-7f2fe56d6000 rw-p 00003000 08:01 1466481                    /lib/x86_64-linux-gnu/libdl-2.23.so
7f2fe56d6000-7f2fe56eb000 r-xp 00000000 08:01 930439                     /opt/jdk1.8.0_45/lib/amd64/jli/libjli.so
7f2fe56eb000-7f2fe58eb000 ---p 00015000 08:01 930439                     /opt/jdk1.8.0_45/lib/amd64/jli/libjli.so
7f2fe58eb000-7f2fe58ec000 rw-p 00015000 08:01 930439                     /opt/jdk1.8.0_45/lib/amd64/jli/libjli.so
7f2fe58ec000-7f2fe5904000 r-xp 00000000 08:01 1466459                    /lib/x86_64-linux-gnu/libpthread-2.23.so
7f2fe5904000-7f2fe5b03000 ---p 00018000 08:01 1466459                    /lib/x86_64-linux-gnu/libpthread-2.23.so
7f2fe5b03000-7f2fe5b04000 r--p 00017000 08:01 1466459                    /lib/x86_64-linux-gnu/libpthread-2.23.so
7f2fe5b04000-7f2fe5b05000 rw-p 00018000 08:01 1466459                    /lib/x86_64-linux-gnu/libpthread-2.23.so
7f2fe5b05000-7f2fe5b09000 rw-p 00000000 00:00 0 
7f2fe5b09000-7f2fe5b2f000 r-xp 00000000 08:01 1466338                    /lib/x86_64-linux-gnu/ld-2.23.so
7f2fe5b31000-7f2fe5c0a000 rw-p 00000000 00:00 0 
7f2fe5c0a000-7f2fe5c0d000 ---p 00000000 00:00 0 
7f2fe5c0d000-7f2fe5d0f000 rw-p 00000000 00:00 0 
7f2fe5d14000-7f2fe5d22000 r--s 000e0000 08:02 3289348                    /home/ty/Android/Sdk/build-tools/24.0.1/lib/dx.jar
7f2fe5d22000-7f2fe5d2a000 rw-s 00000000 08:01 531009                     /tmp/hsperfdata_ty/4963
7f2fe5d2a000-7f2fe5d2b000 rw-p 00000000 00:00 0 
7f2fe5d2b000-7f2fe5d2c000 ---p 00000000 00:00 0 
7f2fe5d2c000-7f2fe5d2e000 rw-p 00000000 00:00 0 
7f2fe5d2e000-7f2fe5d2f000 r--p 00025000 08:01 1466338                    /lib/x86_64-linux-gnu/ld-2.23.so
7f2fe5d2f000-7f2fe5d30000 rw-p 00026000 08:01 1466338                    /lib/x86_64-linux-gnu/ld-2.23.so
7f2fe5d30000-7f2fe5d31000 rw-p 00000000 00:00 0 
7fffc263f000-7fffc2661000 rw-p 00000000 00:00 0                          [stack]
7fffc26f8000-7fffc26fa000 r--p 00000000 00:00 0                          [vvar]
7fffc26fa000-7fffc26fc000 r-xp 00000000 00:00 0                          [vdso]
ffffffffff600000-ffffffffff601000 r-xp 00000000 00:00 0                  [vsyscall]

VM Arguments:
jvm_args: -Djava.awt.headless=true -Xmx1024M -Dfile.encoding=UTF-8 -Duser.country=CN -Duser.language=zh -Duser.variant 
java_command: com.android.dx.command.Main --dex --num-threads=4 --output /home/ty/AndroidStudioProjects/CallerInfo/app/build/intermediates/transforms/dex/debug/folders/1000/1f/main /home/ty/AndroidStudioProjects/CallerInfo/app/build/intermediates/transforms/proguard/debug/jars/3/1f/main.jar
java_class_path (initial): /home/ty/Android/Sdk/build-tools/24.0.1/lib/dx.jar
Launcher Type: SUN_STANDARD

Environment Variables:
JAVA_HOME=/opt/jdk1.8.0_45
PATH=/home/ty/bin:/usr/local/sbin:/usr/local/bin:/usr/sbin:/usr/bin:/sbin:/bin:/usr/games:/usr/local/games:/snap/bin:/home/ty/Android/Sdk/tools:/home/ty/Android/Sdk/platform-tools:/home/ty/android-studio/gradle/gradle-2.2.1/bin:/opt/jdk1.7.0_79/bin
LD_LIBRARY_PATH=bin:/home/ty/Android/Sdk/tools/lib64:/home/ty/Android/Sdk/tools/lib64/qt/lib/:
SHELL=/bin/bash
DISPLAY=:0

Signal Handlers:
SIGSEGV: [libjvm.so+0xaad1e0], sa_mask[0]=11111111011111111101111111111110, sa_flags=SA_RESTART|SA_SIGINFO
SIGBUS: [libjvm.so+0xaad1e0], sa_mask[0]=11111111011111111101111111111110, sa_flags=SA_RESTART|SA_SIGINFO
SIGFPE: [libjvm.so+0x90b450], sa_mask[0]=11111111011111111101111111111110, sa_flags=SA_RESTART|SA_SIGINFO
SIGPIPE: [libjvm.so+0x90b450], sa_mask[0]=11111111011111111101111111111110, sa_flags=SA_RESTART|SA_SIGINFO
SIGXFSZ: [libjvm.so+0x90b450], sa_mask[0]=11111111011111111101111111111110, sa_flags=SA_RESTART|SA_SIGINFO
SIGILL: [libjvm.so+0x90b450], sa_mask[0]=11111111011111111101111111111110, sa_flags=SA_RESTART|SA_SIGINFO
SIGUSR1: SIG_DFL, sa_mask[0]=00000000000000000000000000000000, sa_flags=none
SIGUSR2: [libjvm.so+0x90ca90], sa_mask[0]=00100000000000000000000000000000, sa_flags=SA_RESTART|SA_SIGINFO
SIGHUP: [libjvm.so+0x90dde0], sa_mask[0]=11111111011111111101111111111110, sa_flags=SA_RESTART|SA_SIGINFO
SIGINT: [libjvm.so+0x90dde0], sa_mask[0]=11111111011111111101111111111110, sa_flags=SA_RESTART|SA_SIGINFO
SIGTERM: [libjvm.so+0x90dde0], sa_mask[0]=11111111011111111101111111111110, sa_flags=SA_RESTART|SA_SIGINFO
SIGQUIT: [libjvm.so+0x90dde0], sa_mask[0]=11111111011111111101111111111110, sa_flags=SA_RESTART|SA_SIGINFO


---------------  S Y S T E M  ---------------

OS:DISTRIB_ID=Ubuntu
DISTRIB_RELEASE=16.04
DISTRIB_CODENAME=xenial
DISTRIB_DESCRIPTION="Ubuntu 16.04 LTS"

uname:Linux 4.4.0-31-generic #50-Ubuntu SMP Wed Jul 13 00:07:12 UTC 2016 x86_64
libc:glibc 2.23 NPTL 2.23 
rlimit: STACK 8192k, CORE 0k, NPROC 31686, NOFILE 65536, AS infinity
load average:10.43 5.76 4.77

/proc/meminfo:
MemTotal:        8150612 kB
MemFree:          140672 kB
MemAvailable:      53644 kB
Buffers:            1028 kB
Cached:           236556 kB
SwapCached:            0 kB
Active:          7484272 kB
Inactive:         206772 kB
Active(anon):    7456472 kB
Inactive(anon):   179564 kB
Active(file):      27800 kB
Inactive(file):    27208 kB
Unevictable:         128 kB
Mlocked:             128 kB
SwapTotal:             0 kB
SwapFree:              0 kB
Dirty:              1248 kB
Writeback:             0 kB
AnonPages:       7454312 kB
Mapped:           217028 kB
Shmem:            181936 kB
Slab:             110588 kB
SReclaimable:      44936 kB
SUnreclaim:        65652 kB
KernelStack:       14528 kB
PageTables:        65452 kB
NFS_Unstable:          0 kB
Bounce:                0 kB
WritebackTmp:          0 kB
CommitLimit:     4075304 kB
Committed_AS:   14218764 kB
VmallocTotal:   34359738367 kB
VmallocUsed:           0 kB
VmallocChunk:          0 kB
HardwareCorrupted:     0 kB
AnonHugePages:   2842624 kB
CmaTotal:              0 kB
CmaFree:               0 kB
HugePages_Total:       0
HugePages_Free:        0
HugePages_Rsvd:        0
HugePages_Surp:        0
Hugepagesize:       2048 kB
DirectMap4k:      288276 kB
DirectMap2M:     8077312 kB


CPU:total 4 (2 cores per cpu, 2 threads per core) family 6 model 42 stepping 7, cmov, cx8, fxsr, mmx, sse, sse2, sse3, ssse3, sse4.1, sse4.2, popcnt, avx, clmul, ht, tsc, tscinvbit

/proc/cpuinfo:
processor	: 0
vendor_id	: GenuineIntel
cpu family	: 6
model		: 42
model name	: Intel(R) Core(TM) i3-2330M CPU @ 2.20GHz
stepping	: 7
microcode	: 0x29
cpu MHz		: 1499.953
cache size	: 3072 KB
physical id	: 0
siblings	: 4
core id		: 0
cpu cores	: 2
apicid		: 0
initial apicid	: 0
fpu		: yes
fpu_exception	: yes
cpuid level	: 13
wp		: yes
flags		: fpu vme de pse tsc msr pae mce cx8 apic sep mtrr pge mca cmov pat pse36 clflush dts acpi mmx fxsr sse sse2 ss ht tm pbe syscall nx rdtscp lm constant_tsc arch_perfmon pebs bts rep_good nopl xtopology nonstop_tsc aperfmperf eagerfpu pni pclmulqdq dtes64 monitor ds_cpl vmx est tm2 ssse3 cx16 xtpr pdcm pcid sse4_1 sse4_2 x2apic popcnt tsc_deadline_timer xsave avx lahf_lm epb tpr_shadow vnmi flexpriority ept vpid xsaveopt dtherm arat pln pts
bugs		:
bogomips	: 4390.14
clflush size	: 64
cache_alignment	: 64
address sizes	: 36 bits physical, 48 bits virtual
power management:

processor	: 1
vendor_id	: GenuineIntel
cpu family	: 6
model		: 42
model name	: Intel(R) Core(TM) i3-2330M CPU @ 2.20GHz
stepping	: 7
microcode	: 0x29
cpu MHz		: 1499.953
cache size	: 3072 KB
physical id	: 0
siblings	: 4
core id		: 1
cpu cores	: 2
apicid		: 2
initial apicid	: 2
fpu		: yes
fpu_exception	: yes
cpuid level	: 13
wp		: yes
flags		: fpu vme de pse tsc msr pae mce cx8 apic sep mtrr pge mca cmov pat pse36 clflush dts acpi mmx fxsr sse sse2 ss ht tm pbe syscall nx rdtscp lm constant_tsc arch_perfmon pebs bts rep_good nopl xtopology nonstop_tsc aperfmperf eagerfpu pni pclmulqdq dtes64 monitor ds_cpl vmx est tm2 ssse3 cx16 xtpr pdcm pcid sse4_1 sse4_2 x2apic popcnt tsc_deadline_timer xsave avx lahf_lm epb tpr_shadow vnmi flexpriority ept vpid xsaveopt dtherm arat pln pts
bugs		:
bogomips	: 4390.14
clflush size	: 64
cache_alignment	: 64
address sizes	: 36 bits physical, 48 bits virtual
power management:

processor	: 2
vendor_id	: GenuineIntel
cpu family	: 6
model		: 42
model name	: Intel(R) Core(TM) i3-2330M CPU @ 2.20GHz
stepping	: 7
microcode	: 0x29
cpu MHz		: 1499.953
cache size	: 3072 KB
physical id	: 0
siblings	: 4
core id		: 0
cpu cores	: 2
apicid		: 1
initial apicid	: 1
fpu		: yes
fpu_exception	: yes
cpuid level	: 13
wp		: yes
flags		: fpu vme de pse tsc msr pae mce cx8 apic sep mtrr pge mca cmov pat pse36 clflush dts acpi mmx fxsr sse sse2 ss ht tm pbe syscall nx rdtscp lm constant_tsc arch_perfmon pebs bts rep_good nopl xtopology nonstop_tsc aperfmperf eagerfpu pni pclmulqdq dtes64 monitor ds_cpl vmx est tm2 ssse3 cx16 xtpr pdcm pcid sse4_1 sse4_2 x2apic popcnt tsc_deadline_timer xsave avx lahf_lm epb tpr_shadow vnmi flexpriority ept vpid xsaveopt dtherm arat pln pts
bugs		:
bogomips	: 4390.14
clflush size	: 64
cache_alignment	: 64
address sizes	: 36 bits physical, 48 bits virtual
power management:

processor	: 3
vendor_id	: GenuineIntel
cpu family	: 6
model		: 42
model name	: Intel(R) Core(TM) i3-2330M CPU @ 2.20GHz
stepping	: 7
microcode	: 0x29
cpu MHz		: 1499.953
cache size	: 3072 KB
physical id	: 0
siblings	: 4
core id		: 1
cpu cores	: 2
apicid		: 3
initial apicid	: 3
fpu		: yes
fpu_exception	: yes
cpuid level	: 13
wp		: yes
flags		: fpu vme de pse tsc msr pae mce cx8 apic sep mtrr pge mca cmov pat pse36 clflush dts acpi mmx fxsr sse sse2 ss ht tm pbe syscall nx rdtscp lm constant_tsc arch_perfmon pebs bts rep_good nopl xtopology nonstop_tsc aperfmperf eagerfpu pni pclmulqdq dtes64 monitor ds_cpl vmx est tm2 ssse3 cx16 xtpr pdcm pcid sse4_1 sse4_2 x2apic popcnt tsc_deadline_timer xsave avx lahf_lm epb tpr_shadow vnmi flexpriority ept vpid xsaveopt dtherm arat pln pts
bugs		:
bogomips	: 4390.14
clflush size	: 64
cache_alignment	: 64
address sizes	: 36 bits physical, 48 bits virtual
power management:



Memory: 4k page, physical 8150612k(140840k free), swap 0k(0k free)

vm_info: Java HotSpot(TM) 64-Bit Server VM (25.45-b02) for linux-amd64 JRE (1.8.0_45-b14), built on Apr 10 2015 10:07:45 by "java_re" with gcc 4.3.0 20080428 (Red Hat 4.3.0-8)

time: Sun Aug  7 14:42:10 2016
elapsed time: 59 seconds (0d 0h 0m 59s)

